96.12.31 13:48 B D:\xevil20e\win32\res\XEvil.ico --> shellx.best.com /webx/web2/hardts/public_html/xevil XEvil.ico
97.03.26 00:13 B C:\xevil20h\win32\res\xevilpal.bmp --> super-grover /games xevilpal.bmp
97.04.02 12:00 B C:\xevil20h\win32\res\alien0.bmp --> super-grover /xevil/win32/res alien0.bmp
97.04.02 12:00 B C:\xevil20h\win32\res\alien0_m.bmp --> super-grover /xevil/win32/res alien0_m.bmp
97.04.02 12:00 B C:\xevil20h\win32\res\alien0b.bmp --> super-grover /xevil/win32/res alien0b.bmp
97.04.02 12:00 B C:\xevil20h\win32\res\alien0b1.bmp --> super-grover /xevil/win32/res alien0b1.bmp
97.04.02 12:00 B C:\xevil20h\win32\res\alien0b_.bmp --> super-grover /xevil/win32/res alien0b_.bmp
97.04.02 12:00 B C:\xevil20h\win32\res\alien10.bmp --> super-grover /xevil/win32/res alien10.bmp
97.04.02 12:00 B C:\xevil20h\win32\res\alien10_.bmp --> super-grover /xevil/win32/res alien10_.bmp
97.04.02 12:00 B C:\xevil20h\win32\res\alien10b.bmp --> super-grover /xevil/win32/res alien10b.bmp
97.04.02 12:00 B C:\xevil20h\win32\res\alien11.bmp --> super-grover /xevil/win32/res alien11.bmp
97.04.02 12:00 B C:\xevil20h\win32\res\alien11_.bmp --> super-grover /xevil/win32/res alien11_.bmp
97.04.02 12:01 B C:\xevil20h\win32\res\alien11b.bmp --> super-grover /xevil/win32/res alien11b.bmp
97.04.02 12:01 B C:\xevil20h\win32\res\alien12.bmp --> super-grover /xevil/win32/res alien12.bmp
97.04.02 12:01 B C:\xevil20h\win32\res\alien13_.bmp --> super-grover /xevil/win32/res alien13_.bmp
97.04.02 12:01 B C:\xevil20h\win32\res\alien13b.bmp --> super-grover /xevil/win32/res alien13b.bmp
97.04.02 12:01 B C:\xevil20h\win32\res\alien14.bmp --> super-grover /xevil/win32/res alien14.bmp
97.04.02 12:01 B C:\xevil20h\win32\res\alien14_.bmp --> super-grover /xevil/win32/res alien14_.bmp
97.04.02 12:01 B C:\xevil20h\win32\res\alien14b.bmp --> super-grover /xevil/win32/res alien14b.bmp
97.04.02 12:01 B C:\xevil20h\win32\res\alien15.bmp --> super-grover /xevil/win32/res alien15.bmp
97.04.02 12:01 B C:\xevil20h\win32\res\alien16.bmp --> super-grover /xevil/win32/res alien16.bmp
97.04.02 12:01 B C:\xevil20h\win32\res\alien16_.bmp --> super-grover /xevil/win32/res alien16_.bmp
97.04.02 12:01 B C:\xevil20h\win32\res\alien16b.bmp --> super-grover /xevil/win32/res alien16b.bmp
97.04.02 12:01 B C:\xevil20h\win32\res\alien17.bmp --> super-grover /xevil/win32/res alien17.bmp
97.04.02 12:01 B C:\xevil20h\win32\res\alien17_.bmp --> super-grover /xevil/win32/res alien17_.bmp
97.04.02 12:01 B C:\xevil20h\win32\res\alien17b.bmp --> super-grover /xevil/win32/res alien17b.bmp
97.04.02 12:01 B C:\xevil20h\win32\res\alien18.bmp --> super-grover /xevil/win32/res alien18.bmp
97.04.02 12:01 B C:\xevil20h\win32\res\alien18_.bmp --> super-grover /xevil/win32/res alien18_.bmp
97.04.02 12:01 B C:\xevil20h\win32\res\alien18b.bmp --> super-grover /xevil/win32/res alien18b.bmp
97.04.02 12:01 B C:\xevil20h\win32\res\alien19.bmp --> super-grover /xevil/win32/res alien19.bmp
97.04.02 12:01 B C:\xevil20h\win32\res\alien1_m.bmp --> super-grover /xevil/win32/res alien1_m.bmp
97.04.02 12:01 B C:\xevil20h\win32\res\alien1b1.bmp --> super-grover /xevil/win32/res alien1b1.bmp
97.04.02 12:01 B C:\xevil20h\win32\res\alien1b_.bmp --> super-grover /xevil/win32/res alien1b_.bmp
97.04.02 12:01 B C:\xevil20h\win32\res\alien2.bmp --> super-grover /xevil/win32/res alien2.bmp
97.04.02 12:01 B C:\xevil20h\win32\res\alien2_m.bmp --> super-grover /xevil/win32/res alien2_m.bmp
97.04.02 12:01 B C:\xevil20h\win32\res\alien3.bmp --> super-grover /xevil/win32/res alien3.bmp
97.04.02 12:01 B C:\xevil20h\win32\res\alien3_m.bmp --> super-grover /xevil/win32/res alien3_m.bmp
97.04.02 12:01 B C:\xevil20h\win32\res\alien4.bmp --> super-grover /xevil/win32/res alien4.bmp
97.04.02 12:01 B C:\xevil20h\win32\res\alien4_m.bmp --> super-grover /xevil/win32/res alien4_m.bmp
97.04.02 12:01 B C:\xevil20h\win32\res\alien5.bmp --> super-grover /xevil/win32/res alien5.bmp
97.04.02 12:01 B C:\xevil20h\win32\res\alien5_m.bmp --> super-grover /xevil/win32/res alien5_m.bmp
97.04.02 12:01 B C:\xevil20h\win32\res\alien7.bmp --> super-grover /xevil/win32/res alien7.bmp
97.04.02 12:01 B C:\xevil20h\win32\res\alien7_m.bmp --> super-grover /xevil/win32/res alien7_m.bmp
97.04.02 12:01 B C:\xevil20h\win32\res\alien7b_.bmp --> super-grover /xevil/win32/res alien7b_.bmp
97.04.02 12:01 B C:\xevil20h\win32\res\alien8.bmp --> super-grover /xevil/win32/res alien8.bmp
97.04.02 12:01 B C:\xevil20h\win32\res\alien8_m.bmp --> super-grover /xevil/win32/res alien8_m.bmp
97.04.02 12:01 B C:\xevil20h\win32\res\alien8b_.bmp --> super-grover /xevil/win32/res alien8b_.bmp
97.04.02 12:01 B C:\xevil20h\win32\res\alien9.bmp --> super-grover /xevil/win32/res alien9.bmp
97.04.02 12:01 B C:\xevil20h\win32\res\aliendea.bmp --> super-grover /xevil/win32/res aliendea.bmp
97.04.02 12:01 B C:\xevil20h\win32\res\altar0_m.bmp --> super-grover /xevil/win32/res altar0_m.bmp
97.04.02 12:01 B C:\xevil20h\win32\res\altar1.bmp --> super-grover /xevil/win32/res altar1.bmp
97.04.02 12:01 B C:\xevil20h\win32\res\altar1_m.bmp --> super-grover /xevil/win32/res altar1_m.bmp
97.04.02 12:01 B C:\xevil20h\win32\res\altar_of.bmp --> super-grover /xevil/win32/res altar_of.bmp
97.04.02 12:01 B C:\xevil20h\win32\res\arrow.cur --> super-grover /xevil/win32/res arrow.cur
97.04.02 12:01 B C:\xevil20h\win32\res\bang.wav --> super-grover /xevil/win32/res bang.wav
97.04.02 12:01 B C:\xevil20h\win32\res\bangbang.wav --> super-grover /xevil/win32/res bangbang.wav
97.04.02 12:01 B C:\xevil20h\win32\res\bceagle.bmp --> super-grover /xevil/win32/res bceagle.bmp
97.04.02 12:01 B C:\xevil20h\win32\res\beat_dog.bmp --> super-grover /xevil/win32/res beat_dog.bmp
97.04.02 12:01 B C:\xevil20h\win32\res\bitmap1.bmp --> super-grover /xevil/win32/res bitmap1.bmp
97.04.02 12:01 B C:\xevil20h\win32\res\blood12.bmp --> super-grover /xevil/win32/res blood12.bmp
97.04.02 12:01 B C:\xevil20h\win32\res\blood13.bmp --> super-grover /xevil/win32/res blood13.bmp
97.04.02 12:01 B C:\xevil20h\win32\res\blood15.bmp --> super-grover /xevil/win32/res blood15.bmp
97.04.02 12:01 B C:\xevil20h\win32\res\blood25.bmp --> super-grover /xevil/win32/res blood25.bmp
97.04.02 12:01 B C:\xevil20h\win32\res\blood26.bmp --> super-grover /xevil/win32/res blood26.bmp
97.04.02 12:01 B C:\xevil20h\win32\res\blood27.bmp --> super-grover /xevil/win32/res blood27.bmp
97.04.02 12:01 B C:\xevil20h\win32\res\blood28.bmp --> super-grover /xevil/win32/res blood28.bmp
97.04.02 12:01 B C:\xevil20h\win32\res\blood29.bmp --> super-grover /xevil/win32/res blood29.bmp
97.04.02 12:01 B C:\xevil20h\win32\res\blood30.bmp --> super-grover /xevil/win32/res blood30.bmp
97.04.02 12:01 B C:\xevil20h\win32\res\blood31.bmp --> super-grover /xevil/win32/res blood31.bmp
97.04.02 12:01 B C:\xevil20h\win32\res\blood32.bmp --> super-grover /xevil/win32/res blood32.bmp
97.04.02 12:01 B C:\xevil20h\win32\res\blood33.bmp --> super-grover /xevil/win32/res blood33.bmp
97.04.02 12:01 B C:\xevil20h\win32\res\blood34.bmp --> super-grover /xevil/win32/res blood34.bmp
97.04.02 12:01 B C:\xevil20h\win32\res\blood35.bmp --> super-grover /xevil/win32/res blood35.bmp
97.04.02 12:01 B C:\xevil20h\win32\res\blood36.bmp --> super-grover /xevil/win32/res blood36.bmp
97.04.02 12:01 B C:\xevil20h\win32\res\blood37.bmp --> super-grover /xevil/win32/res blood37.bmp
97.04.02 12:01 B C:\xevil20h\win32\res\blood38.bmp --> super-grover /xevil/win32/res blood38.bmp
97.04.02 12:01 B C:\xevil20h\win32\res\blood40.bmp --> super-grover /xevil/win32/res blood40.bmp
97.04.02 12:01 B C:\xevil20h\win32\res\blood6.bmp --> super-grover /xevil/win32/res blood6.bmp
97.04.02 12:01 B C:\xevil20h\win32\res\blood9.bmp --> super-grover /xevil/win32/res blood9.bmp
97.04.02 12:01 B C:\xevil20h\win32\res\bloodg12.bmp --> super-grover /xevil/win32/res bloodg12.bmp
97.04.02 12:01 B C:\xevil20h\win32\res\bloodg15.bmp --> super-grover /xevil/win32/res bloodg15.bmp
97.04.02 12:01 B C:\xevil20h\win32\res\bloodg25.bmp --> super-grover /xevil/win32/res bloodg25.bmp
97.04.02 12:01 B C:\xevil20h\win32\res\bloodg26.bmp --> super-grover /xevil/win32/res bloodg26.bmp
97.04.02 12:01 B C:\xevil20h\win32\res\bloodg27.bmp --> super-grover /xevil/win32/res bloodg27.bmp
97.04.02 12:01 B C:\xevil20h\win32\res\bloodg28.bmp --> super-grover /xevil/win32/res bloodg28.bmp
97.04.02 12:01 B C:\xevil20h\win32\res\bloodg29.bmp --> super-grover /xevil/win32/res bloodg29.bmp
97.04.02 12:01 B C:\xevil20h\win32\res\bloodg30.bmp --> super-grover /xevil/win32/res bloodg30.bmp
97.04.02 12:01 B C:\xevil20h\win32\res\bloodg31.bmp --> super-grover /xevil/win32/res bloodg31.bmp
97.04.02 12:01 B C:\xevil20h\win32\res\bloodg32.bmp --> super-grover /xevil/win32/res bloodg32.bmp
97.04.02 12:01 B C:\xevil20h\win32\res\bloodg33.bmp --> super-grover /xevil/win32/res bloodg33.bmp
97.04.02 12:01 B C:\xevil20h\win32\res\bloodg34.bmp --> super-grover /xevil/win32/res bloodg34.bmp
97.04.02 12:01 B C:\xevil20h\win32\res\bloodg35.bmp --> super-grover /xevil/win32/res bloodg35.bmp
97.04.02 12:01 B C:\xevil20h\win32\res\bloodg36.bmp --> super-grover /xevil/win32/res bloodg36.bmp
97.04.02 12:01 B C:\xevil20h\win32\res\bloodg37.bmp --> super-grover /xevil/win32/res bloodg37.bmp
97.04.02 12:01 B C:\xevil20h\win32\res\bloodg38.bmp --> super-grover /xevil/win32/res bloodg38.bmp
97.04.02 12:01 B C:\xevil20h\win32\res\bloodg39.bmp --> super-grover /xevil/win32/res bloodg39.bmp
97.04.02 12:01 B C:\xevil20h\win32\res\bloodg4.bmp --> super-grover /xevil/win32/res bloodg4.bmp
97.04.02 12:01 B C:\xevil20h\win32\res\bloodg40.bmp --> super-grover /xevil/win32/res bloodg40.bmp
97.04.02 12:01 B C:\xevil20h\win32\res\bloodg6.bmp --> super-grover /xevil/win32/res bloodg6.bmp
97.04.02 12:01 B C:\xevil20h\win32\res\bloodg9.bmp --> super-grover /xevil/win32/res bloodg9.bmp
97.04.02 12:01 B C:\xevil20h\win32\res\bmp00001.bmp --> super-grover /xevil/win32/res bmp00001.bmp
97.04.02 12:01 B C:\xevil20h\win32\res\bmp00002.bmp --> super-grover /xevil/win32/res bmp00002.bmp
97.04.02 12:01 B C:\xevil20h\win32\res\bmp00003.bmp --> super-grover /xevil/win32/res bmp00003.bmp
97.04.02 12:01 B C:\xevil20h\win32\res\bmp00004.bmp --> super-grover /xevil/win32/res bmp00004.bmp
97.04.02 12:01 B C:\xevil20h\win32\res\bmp00005.bmp --> super-grover /xevil/win32/res bmp00005.bmp
97.04.02 12:01 B C:\xevil20h\win32\res\bmp00006.bmp --> super-grover /xevil/win32/res bmp00006.bmp
97.04.02 12:01 B C:\xevil20h\win32\res\bmp00007.bmp --> super-grover /xevil/win32/res bmp00007.bmp
97.04.02 12:01 B C:\xevil20h\win32\res\bmp00008.bmp --> super-grover /xevil/win32/res bmp00008.bmp
97.04.02 12:01 B C:\xevil20h\win32\res\bmp00009.bmp --> super-grover /xevil/win32/res bmp00009.bmp
97.04.02 12:01 B C:\xevil20h\win32\res\bmp00010.bmp --> super-grover /xevil/win32/res bmp00010.bmp
97.04.02 12:01 B C:\xevil20h\win32\res\bmp00011.bmp --> super-grover /xevil/win32/res bmp00011.bmp
97.04.02 12:01 B C:\xevil20h\win32\res\bmp00012.bmp --> super-grover /xevil/win32/res bmp00012.bmp
97.04.02 12:01 B C:\xevil20h\win32\res\bmp00013.bmp --> super-grover /xevil/win32/res bmp00013.bmp
97.04.02 12:01 B C:\xevil20h\win32\res\bmp00014.bmp --> super-grover /xevil/win32/res bmp00014.bmp
97.04.02 12:01 B C:\xevil20h\win32\res\bmp00015.bmp --> super-grover /xevil/win32/res bmp00015.bmp
97.04.02 12:01 B C:\xevil20h\win32\res\bmp00016.bmp --> super-grover /xevil/win32/res bmp00016.bmp
97.04.02 12:01 B C:\xevil20h\win32\res\bmp00017.bmp --> super-grover /xevil/win32/res bmp00017.bmp
97.04.02 12:01 B C:\xevil20h\win32\res\bmp00018.bmp --> super-grover /xevil/win32/res bmp00018.bmp
97.04.02 12:01 B C:\xevil20h\win32\res\bmp00019.bmp --> super-grover /xevil/win32/res bmp00019.bmp
97.04.02 12:01 B C:\xevil20h\win32\res\bmp00020.bmp --> super-grover /xevil/win32/res bmp00020.bmp
97.04.02 12:01 B C:\xevil20h\win32\res\bmp00021.bmp --> super-grover /xevil/win32/res bmp00021.bmp
97.04.02 12:01 B C:\xevil20h\win32\res\bmp00022.bmp --> super-grover /xevil/win32/res bmp00022.bmp
97.04.02 12:01 B C:\xevil20h\win32\res\bmp00023.bmp --> super-grover /xevil/win32/res bmp00023.bmp
97.04.02 12:01 B C:\xevil20h\win32\res\bmp00024.bmp --> super-grover /xevil/win32/res bmp00024.bmp
97.04.02 12:01 B C:\xevil20h\win32\res\bmp00025.bmp --> super-grover /xevil/win32/res bmp00025.bmp
97.04.02 12:01 B C:\xevil20h\win32\res\bmp00026.bmp --> super-grover /xevil/win32/res bmp00026.bmp
97.04.02 12:01 B C:\xevil20h\win32\res\bmp00027.bmp --> super-grover /xevil/win32/res bmp00027.bmp
97.04.02 12:01 B C:\xevil20h\win32\res\bmp00028.bmp --> super-grover /xevil/win32/res bmp00028.bmp
97.04.02 12:01 B C:\xevil20h\win32\res\bmp00029.bmp --> super-grover /xevil/win32/res bmp00029.bmp
97.04.02 12:01 B C:\xevil20h\win32\res\bmp00030.bmp --> super-grover /xevil/win32/res bmp00030.bmp
97.04.02 12:01 B C:\xevil20h\win32\res\bmp00031.bmp --> super-grover /xevil/win32/res bmp00031.bmp
97.04.02 12:01 B C:\xevil20h\win32\res\bmp00032.bmp --> super-grover /xevil/win32/res bmp00032.bmp
97.04.02 12:01 B C:\xevil20h\win32\res\bmp00033.bmp --> super-grover /xevil/win32/res bmp00033.bmp
97.04.02 12:01 B C:\xevil20h\win32\res\bmp00034.bmp --> super-grover /xevil/win32/res bmp00034.bmp
97.04.02 12:01 B C:\xevil20h\win32\res\bmp00035.bmp --> super-grover /xevil/win32/res bmp00035.bmp
97.04.02 12:01 B C:\xevil20h\win32\res\bmp00036.bmp --> super-grover /xevil/win32/res bmp00036.bmp
97.04.02 12:01 B C:\xevil20h\win32\res\bmp00037.bmp --> super-grover /xevil/win32/res bmp00037.bmp
97.04.02 12:01 B C:\xevil20h\win32\res\bmp00038.bmp --> super-grover /xevil/win32/res bmp00038.bmp
97.04.02 12:01 B C:\xevil20h\win32\res\bmp00039.bmp --> super-grover /xevil/win32/res bmp00039.bmp
97.04.02 12:01 B C:\xevil20h\win32\res\bmp00040.bmp --> super-grover /xevil/win32/res bmp00040.bmp
97.04.02 12:01 B C:\xevil20h\win32\res\bmp00041.bmp --> super-grover /xevil/win32/res bmp00041.bmp
97.04.02 12:01 B C:\xevil20h\win32\res\bmp00042.bmp --> super-grover /xevil/win32/res bmp00042.bmp
97.04.02 12:01 B C:\xevil20h\win32\res\bmp00043.bmp --> super-grover /xevil/win32/res bmp00043.bmp
97.04.02 12:01 B C:\xevil20h\win32\res\bmp00044.bmp --> super-grover /xevil/win32/res bmp00044.bmp
97.04.02 12:01 B C:\xevil20h\win32\res\bmp00045.bmp --> super-grover /xevil/win32/res bmp00045.bmp
97.04.02 12:01 B C:\xevil20h\win32\res\bmp00046.bmp --> super-grover /xevil/win32/res bmp00046.bmp
97.04.02 12:01 B C:\xevil20h\win32\res\bmp00047.bmp --> super-grover /xevil/win32/res bmp00047.bmp
97.04.02 12:01 B C:\xevil20h\win32\res\bmp00048.bmp --> super-grover /xevil/win32/res bmp00048.bmp
97.04.02 12:01 B C:\xevil20h\win32\res\bmp00049.bmp --> super-grover /xevil/win32/res bmp00049.bmp
97.04.02 12:01 B C:\xevil20h\win32\res\bmp00050.bmp --> super-grover /xevil/win32/res bmp00050.bmp
97.04.02 12:01 B C:\xevil20h\win32\res\bmp00051.bmp --> super-grover /xevil/win32/res bmp00051.bmp
97.04.02 12:01 B C:\xevil20h\win32\res\bmp00052.bmp --> super-grover /xevil/win32/res bmp00052.bmp
97.04.02 12:01 B C:\xevil20h\win32\res\bmp00053.bmp --> super-grover /xevil/win32/res bmp00053.bmp
97.04.02 12:01 B C:\xevil20h\win32\res\bmp00054.bmp --> super-grover /xevil/win32/res bmp00054.bmp
97.04.02 12:01 B C:\xevil20h\win32\res\bmp00055.bmp --> super-grover /xevil/win32/res bmp00055.bmp
97.04.02 12:01 B C:\xevil20h\win32\res\bmp00056.bmp --> super-grover /xevil/win32/res bmp00056.bmp
97.04.02 12:01 B C:\xevil20h\win32\res\bmp00057.bmp --> super-grover /xevil/win32/res bmp00057.bmp
97.04.02 12:01 B C:\xevil20h\win32\res\bmp00058.bmp --> super-grover /xevil/win32/res bmp00058.bmp
97.04.02 12:01 B C:\xevil20h\win32\res\bmp00059.bmp --> super-grover /xevil/win32/res bmp00059.bmp
97.04.02 12:01 B C:\xevil20h\win32\res\bmp00060.bmp --> super-grover /xevil/win32/res bmp00060.bmp
97.04.02 12:01 B C:\xevil20h\win32\res\bmp00061.bmp --> super-grover /xevil/win32/res bmp00061.bmp
97.04.02 12:01 B C:\xevil20h\win32\res\bmp00062.bmp --> super-grover /xevil/win32/res bmp00062.bmp
97.04.02 12:01 B C:\xevil20h\win32\res\bmp00063.bmp --> super-grover /xevil/win32/res bmp00063.bmp
97.04.02 12:01 B C:\xevil20h\win32\res\bmp00064.bmp --> super-grover /xevil/win32/res bmp00064.bmp
97.04.02 12:01 B C:\xevil20h\win32\res\bmp00065.bmp --> super-grover /xevil/win32/res bmp00065.bmp
97.04.02 12:02 B C:\xevil20h\win32\res\bmp00066.bmp --> super-grover /xevil/win32/res bmp00066.bmp
97.04.02 12:02 B C:\xevil20h\win32\res\bmp00067.bmp --> super-grover /xevil/win32/res bmp00067.bmp
97.04.02 12:02 B C:\xevil20h\win32\res\bmp00068.bmp --> super-grover /xevil/win32/res bmp00068.bmp
97.04.02 12:02 B C:\xevil20h\win32\res\bmp00069.bmp --> super-grover /xevil/win32/res bmp00069.bmp
97.04.02 12:02 B C:\xevil20h\win32\res\bmp00070.bmp --> super-grover /xevil/win32/res bmp00070.bmp
97.04.02 12:02 B C:\xevil20h\win32\res\bmp00071.bmp --> super-grover /xevil/win32/res bmp00071.bmp
97.04.02 12:02 B C:\xevil20h\win32\res\bmp00072.bmp --> super-grover /xevil/win32/res bmp00072.bmp
97.04.02 12:02 B C:\xevil20h\win32\res\bmp00073.bmp --> super-grover /xevil/win32/res bmp00073.bmp
97.04.02 12:02 B C:\xevil20h\win32\res\bmp00074.bmp --> super-grover /xevil/win32/res bmp00074.bmp
97.04.02 12:02 B C:\xevil20h\win32\res\bmp00075.bmp --> super-grover /xevil/win32/res bmp00075.bmp
97.04.02 12:02 B C:\xevil20h\win32\res\bmp00076.bmp --> super-grover /xevil/win32/res bmp00076.bmp
97.04.02 12:02 B C:\xevil20h\win32\res\bmp00077.bmp --> super-grover /xevil/win32/res bmp00077.bmp
97.04.02 12:02 B C:\xevil20h\win32\res\bmp00078.bmp --> super-grover /xevil/win32/res bmp00078.bmp
97.04.02 12:02 B C:\xevil20h\win32\res\bmp00079.bmp --> super-grover /xevil/win32/res bmp00079.bmp
97.04.02 12:02 B C:\xevil20h\win32\res\bmp00080.bmp --> super-grover /xevil/win32/res bmp00080.bmp
97.04.02 12:02 B C:\xevil20h\win32\res\bmp00081.bmp --> super-grover /xevil/win32/res bmp00081.bmp
97.04.02 12:02 B C:\xevil20h\win32\res\bmp00082.bmp --> super-grover /xevil/win32/res bmp00082.bmp
97.04.02 12:02 B C:\xevil20h\win32\res\bmp00083.bmp --> super-grover /xevil/win32/res bmp00083.bmp
97.04.02 12:02 B C:\xevil20h\win32\res\bmp00084.bmp --> super-grover /xevil/win32/res bmp00084.bmp
97.04.02 12:02 B C:\xevil20h\win32\res\bmp00085.bmp --> super-grover /xevil/win32/res bmp00085.bmp
97.04.02 12:02 B C:\xevil20h\win32\res\bmp00086.bmp --> super-grover /xevil/win32/res bmp00086.bmp
97.04.02 12:02 B C:\xevil20h\win32\res\bmp00087.bmp --> super-grover /xevil/win32/res bmp00087.bmp
97.04.02 12:02 B C:\xevil20h\win32\res\bmp00088.bmp --> super-grover /xevil/win32/res bmp00088.bmp
97.04.02 12:02 B C:\xevil20h\win32\res\bmp00089.bmp --> super-grover /xevil/win32/res bmp00089.bmp
97.04.02 12:02 B C:\xevil20h\win32\res\bmp00090.bmp --> super-grover /xevil/win32/res bmp00090.bmp
97.04.02 12:02 B C:\xevil20h\win32\res\bmp00091.bmp --> super-grover /xevil/win32/res bmp00091.bmp
97.04.02 12:02 B C:\xevil20h\win32\res\bmp00092.bmp --> super-grover /xevil/win32/res bmp00092.bmp
97.04.02 12:02 B C:\xevil20h\win32\res\bmp00093.bmp --> super-grover /xevil/win32/res bmp00093.bmp
97.04.02 12:02 B C:\xevil20h\win32\res\bmp00094.bmp --> super-grover /xevil/win32/res bmp00094.bmp
97.04.02 12:02 B C:\xevil20h\win32\res\bmp00095.bmp --> super-grover /xevil/win32/res bmp00095.bmp
97.04.02 12:02 B C:\xevil20h\win32\res\bmp00096.bmp --> super-grover /xevil/win32/res bmp00096.bmp
97.04.02 12:02 B C:\xevil20h\win32\res\bmp00097.bmp --> super-grover /xevil/win32/res bmp00097.bmp
97.04.02 12:02 B C:\xevil20h\win32\res\bmp00098.bmp --> super-grover /xevil/win32/res bmp00098.bmp
97.04.02 12:02 B C:\xevil20h\win32\res\bmp00099.bmp --> super-grover /xevil/win32/res bmp00099.bmp
97.04.02 12:02 B C:\xevil20h\win32\res\bmp00100.bmp --> super-grover /xevil/win32/res bmp00100.bmp
97.04.02 12:02 B C:\xevil20h\win32\res\bmp00101.bmp --> super-grover /xevil/win32/res bmp00101.bmp
97.04.02 12:02 B C:\xevil20h\win32\res\bmp00102.bmp --> super-grover /xevil/win32/res bmp00102.bmp
97.04.02 12:02 B C:\xevil20h\win32\res\bmp00103.bmp --> super-grover /xevil/win32/res bmp00103.bmp
97.04.02 12:02 B C:\xevil20h\win32\res\bmp00104.bmp --> super-grover /xevil/win32/res bmp00104.bmp
97.04.02 12:02 B C:\xevil20h\win32\res\bmp00105.bmp --> super-grover /xevil/win32/res bmp00105.bmp
97.04.02 12:02 B C:\xevil20h\win32\res\bmp00106.bmp --> super-grover /xevil/win32/res bmp00106.bmp
97.04.02 12:02 B C:\xevil20h\win32\res\bmp00107.bmp --> super-grover /xevil/win32/res bmp00107.bmp
97.04.02 12:02 B C:\xevil20h\win32\res\bmp00108.bmp --> super-grover /xevil/win32/res bmp00108.bmp
97.04.02 12:02 B C:\xevil20h\win32\res\bmp00109.bmp --> super-grover /xevil/win32/res bmp00109.bmp
97.04.02 12:02 B C:\xevil20h\win32\res\bmp00110.bmp --> super-grover /xevil/win32/res bmp00110.bmp
97.04.02 12:02 B C:\xevil20h\win32\res\bmp00111.bmp --> super-grover /xevil/win32/res bmp00111.bmp
97.04.02 12:02 B C:\xevil20h\win32\res\bmp00112.bmp --> super-grover /xevil/win32/res bmp00112.bmp
97.04.02 12:02 B C:\xevil20h\win32\res\bmp00113.bmp --> super-grover /xevil/win32/res bmp00113.bmp
97.04.02 12:02 B C:\xevil20h\win32\res\bmp00114.bmp --> super-grover /xevil/win32/res bmp00114.bmp
97.04.02 12:02 B C:\xevil20h\win32\res\bmp00115.bmp --> super-grover /xevil/win32/res bmp00115.bmp
97.04.02 12:02 B C:\xevil20h\win32\res\bmp00116.bmp --> super-grover /xevil/win32/res bmp00116.bmp
97.04.02 12:02 B C:\xevil20h\win32\res\bmp00117.bmp --> super-grover /xevil/win32/res bmp00117.bmp
97.04.02 12:02 B C:\xevil20h\win32\res\bmp00118.bmp --> super-grover /xevil/win32/res bmp00118.bmp
97.04.02 12:02 B C:\xevil20h\win32\res\bmp00119.bmp --> super-grover /xevil/win32/res bmp00119.bmp
97.04.02 12:02 B C:\xevil20h\win32\res\bmp00120.bmp --> super-grover /xevil/win32/res bmp00120.bmp
97.04.02 12:02 B C:\xevil20h\win32\res\bmp00121.bmp --> super-grover /xevil/win32/res bmp00121.bmp
97.04.02 12:02 B C:\xevil20h\win32\res\bmp00122.bmp --> super-grover /xevil/win32/res bmp00122.bmp
97.04.02 12:02 B C:\xevil20h\win32\res\bmp00123.bmp --> super-grover /xevil/win32/res bmp00123.bmp
97.04.02 12:02 B C:\xevil20h\win32\res\bmp00124.bmp --> super-grover /xevil/win32/res bmp00124.bmp
97.04.02 12:02 B C:\xevil20h\win32\res\bmp00125.bmp --> super-grover /xevil/win32/res bmp00125.bmp
97.04.02 12:02 B C:\xevil20h\win32\res\bmp00126.bmp --> super-grover /xevil/win32/res bmp00126.bmp
97.04.02 12:02 B C:\xevil20h\win32\res\bmp00127.bmp --> super-grover /xevil/win32/res bmp00127.bmp
97.04.02 12:02 B C:\xevil20h\win32\res\bmp00128.bmp --> super-grover /xevil/win32/res bmp00128.bmp
97.04.02 12:02 B C:\xevil20h\win32\res\bmp00129.bmp --> super-grover /xevil/win32/res bmp00129.bmp
97.04.02 12:02 B C:\xevil20h\win32\res\bmp00130.bmp --> super-grover /xevil/win32/res bmp00130.bmp
97.04.02 12:02 B C:\xevil20h\win32\res\bmp00131.bmp --> super-grover /xevil/win32/res bmp00131.bmp
97.04.02 12:02 B C:\xevil20h\win32\res\bmp00132.bmp --> super-grover /xevil/win32/res bmp00132.bmp
97.04.02 12:02 B C:\xevil20h\win32\res\bmp00133.bmp --> super-grover /xevil/win32/res bmp00133.bmp
97.04.02 12:02 B C:\xevil20h\win32\res\bmp00134.bmp --> super-grover /xevil/win32/res bmp00134.bmp
97.04.02 12:02 B C:\xevil20h\win32\res\bmp00135.bmp --> super-grover /xevil/win32/res bmp00135.bmp
97.04.02 12:02 B C:\xevil20h\win32\res\bmp00136.bmp --> super-grover /xevil/win32/res bmp00136.bmp
97.04.02 12:02 B C:\xevil20h\win32\res\bmp00137.bmp --> super-grover /xevil/win32/res bmp00137.bmp
97.04.02 12:02 B C:\xevil20h\win32\res\bmp00138.bmp --> super-grover /xevil/win32/res bmp00138.bmp
97.04.02 12:02 B C:\xevil20h\win32\res\bmp00139.bmp --> super-grover /xevil/win32/res bmp00139.bmp
97.04.02 12:02 B C:\xevil20h\win32\res\bmp00140.bmp --> super-grover /xevil/win32/res bmp00140.bmp
97.04.02 12:02 B C:\xevil20h\win32\res\bmp00141.bmp --> super-grover /xevil/win32/res bmp00141.bmp
97.04.02 12:02 B C:\xevil20h\win32\res\bmp00142.bmp --> super-grover /xevil/win32/res bmp00142.bmp
97.04.02 12:02 B C:\xevil20h\win32\res\bmp00143.bmp --> super-grover /xevil/win32/res bmp00143.bmp
97.04.02 12:02 B C:\xevil20h\win32\res\bmp00144.bmp --> super-grover /xevil/win32/res bmp00144.bmp
97.04.02 12:02 B C:\xevil20h\win32\res\bmp00145.bmp --> super-grover /xevil/win32/res bmp00145.bmp
97.04.02 12:02 B C:\xevil20h\win32\res\bmp00146.bmp --> super-grover /xevil/win32/res bmp00146.bmp
97.04.02 12:02 B C:\xevil20h\win32\res\bmp00147.bmp --> super-grover /xevil/win32/res bmp00147.bmp
97.04.02 12:02 B C:\xevil20h\win32\res\bmp00148.bmp --> super-grover /xevil/win32/res bmp00148.bmp
97.04.02 12:02 B C:\xevil20h\win32\res\bmp00149.bmp --> super-grover /xevil/win32/res bmp00149.bmp
97.04.02 12:02 B C:\xevil20h\win32\res\bmp00150.bmp --> super-grover /xevil/win32/res bmp00150.bmp
97.04.02 12:02 B C:\xevil20h\win32\res\bmp00151.bmp --> super-grover /xevil/win32/res bmp00151.bmp
97.04.02 12:02 B C:\xevil20h\win32\res\bmp00152.bmp --> super-grover /xevil/win32/res bmp00152.bmp
97.04.02 12:02 B C:\xevil20h\win32\res\bmp00153.bmp --> super-grover /xevil/win32/res bmp00153.bmp
97.04.02 12:02 B C:\xevil20h\win32\res\bmp00154.bmp --> super-grover /xevil/win32/res bmp00154.bmp
97.04.02 12:02 B C:\xevil20h\win32\res\bmp00155.bmp --> super-grover /xevil/win32/res bmp00155.bmp
97.04.02 12:02 B C:\xevil20h\win32\res\bmp00156.bmp --> super-grover /xevil/win32/res bmp00156.bmp
97.04.02 12:02 B C:\xevil20h\win32\res\bmp00157.bmp --> super-grover /xevil/win32/res bmp00157.bmp
97.04.02 12:02 B C:\xevil20h\win32\res\bmp00158.bmp --> super-grover /xevil/win32/res bmp00158.bmp
97.04.02 12:02 B C:\xevil20h\win32\res\bmp00159.bmp --> super-grover /xevil/win32/res bmp00159.bmp
97.04.02 12:02 B C:\xevil20h\win32\res\bmp00160.bmp --> super-grover /xevil/win32/res bmp00160.bmp
97.04.02 12:02 B C:\xevil20h\win32\res\bmp00161.bmp --> super-grover /xevil/win32/res bmp00161.bmp
97.04.02 12:02 B C:\xevil20h\win32\res\bmp00162.bmp --> super-grover /xevil/win32/res bmp00162.bmp
97.04.02 12:02 B C:\xevil20h\win32\res\bmp00163.bmp --> super-grover /xevil/win32/res bmp00163.bmp
97.04.02 12:02 B C:\xevil20h\win32\res\bmp00164.bmp --> super-grover /xevil/win32/res bmp00164.bmp
97.04.02 12:02 B C:\xevil20h\win32\res\bmp00165.bmp --> super-grover /xevil/win32/res bmp00165.bmp
97.04.02 12:02 B C:\xevil20h\win32\res\bmp00166.bmp --> super-grover /xevil/win32/res bmp00166.bmp
97.04.02 12:02 B C:\xevil20h\win32\res\bmp00167.bmp --> super-grover /xevil/win32/res bmp00167.bmp
97.04.02 12:02 B C:\xevil20h\win32\res\bmp00168.bmp --> super-grover /xevil/win32/res bmp00168.bmp
97.04.02 12:02 B C:\xevil20h\win32\res\bmp00169.bmp --> super-grover /xevil/win32/res bmp00169.bmp
97.04.02 12:02 B C:\xevil20h\win32\res\bmp00170.bmp --> super-grover /xevil/win32/res bmp00170.bmp
97.04.02 12:02 B C:\xevil20h\win32\res\bmp00171.bmp --> super-grover /xevil/win32/res bmp00171.bmp
97.04.02 12:02 B C:\xevil20h\win32\res\bmp00172.bmp --> super-grover /xevil/win32/res bmp00172.bmp
97.04.02 12:02 B C:\xevil20h\win32\res\bmp00173.bmp --> super-grover /xevil/win32/res bmp00173.bmp
97.04.02 12:02 B C:\xevil20h\win32\res\bmp00174.bmp --> super-grover /xevil/win32/res bmp00174.bmp
97.04.02 12:02 B C:\xevil20h\win32\res\bmp00175.bmp --> super-grover /xevil/win32/res bmp00175.bmp
97.04.02 12:02 B C:\xevil20h\win32\res\bmp00176.bmp --> super-grover /xevil/win32/res bmp00176.bmp
97.04.02 12:02 B C:\xevil20h\win32\res\bmp00177.bmp --> super-grover /xevil/win32/res bmp00177.bmp
97.04.02 12:02 B C:\xevil20h\win32\res\bmp00178.bmp --> super-grover /xevil/win32/res bmp00178.bmp
97.04.02 12:02 B C:\xevil20h\win32\res\bmp00179.bmp --> super-grover /xevil/win32/res bmp00179.bmp
97.04.02 12:02 B C:\xevil20h\win32\res\bmp00180.bmp --> super-grover /xevil/win32/res bmp00180.bmp
97.04.02 12:02 B C:\xevil20h\win32\res\bmp00181.bmp --> super-grover /xevil/win32/res bmp00181.bmp
97.04.02 12:02 B C:\xevil20h\win32\res\bmp00182.bmp --> super-grover /xevil/win32/res bmp00182.bmp
97.04.02 12:02 B C:\xevil20h\win32\res\bmp00183.bmp --> super-grover /xevil/win32/res bmp00183.bmp
97.04.02 12:02 B C:\xevil20h\win32\res\bmp00184.bmp --> super-grover /xevil/win32/res bmp00184.bmp
97.04.02 12:02 B C:\xevil20h\win32\res\bmp00185.bmp --> super-grover /xevil/win32/res bmp00185.bmp
97.04.02 12:02 B C:\xevil20h\win32\res\bmp00186.bmp --> super-grover /xevil/win32/res bmp00186.bmp
97.04.02 12:02 B C:\xevil20h\win32\res\bmp00187.bmp --> super-grover /xevil/win32/res bmp00187.bmp
97.04.02 12:02 B C:\xevil20h\win32\res\bmp00188.bmp --> super-grover /xevil/win32/res bmp00188.bmp
97.04.02 12:02 B C:\xevil20h\win32\res\bmp00189.bmp --> super-grover /xevil/win32/res bmp00189.bmp
97.04.02 12:02 B C:\xevil20h\win32\res\bmp00190.bmp --> super-grover /xevil/win32/res bmp00190.bmp
97.04.02 12:02 B C:\xevil20h\win32\res\bmp00191.bmp --> super-grover /xevil/win32/res bmp00191.bmp
97.04.02 12:02 B C:\xevil20h\win32\res\bmp00192.bmp --> super-grover /xevil/win32/res bmp00192.bmp
97.04.02 12:02 B C:\xevil20h\win32\res\bmp00193.bmp --> super-grover /xevil/win32/res bmp00193.bmp
97.04.02 12:02 B C:\xevil20h\win32\res\bmp00194.bmp --> super-grover /xevil/win32/res bmp00194.bmp
97.04.02 12:02 B C:\xevil20h\win32\res\bmp00195.bmp --> super-grover /xevil/win32/res bmp00195.bmp
97.04.02 12:02 B C:\xevil20h\win32\res\bmp00196.bmp --> super-grover /xevil/win32/res bmp00196.bmp
97.04.02 12:02 B C:\xevil20h\win32\res\bmp00197.bmp --> super-grover /xevil/win32/res bmp00197.bmp
97.04.02 12:02 B C:\xevil20h\win32\res\bmp00198.bmp --> super-grover /xevil/win32/res bmp00198.bmp
97.04.02 12:02 B C:\xevil20h\win32\res\bmp00199.bmp --> super-grover /xevil/win32/res bmp00199.bmp
97.04.02 12:02 B C:\xevil20h\win32\res\bmp00200.bmp --> super-grover /xevil/win32/res bmp00200.bmp
97.04.02 12:02 B C:\xevil20h\win32\res\bmp00201.bmp --> super-grover /xevil/win32/res bmp00201.bmp
97.04.02 12:02 B C:\xevil20h\win32\res\bmp00202.bmp --> super-grover /xevil/win32/res bmp00202.bmp
97.04.02 12:02 B C:\xevil20h\win32\res\bmp00203.bmp --> super-grover /xevil/win32/res bmp00203.bmp
97.04.02 12:02 B C:\xevil20h\win32\res\bmp00204.bmp --> super-grover /xevil/win32/res bmp00204.bmp
97.04.02 12:02 B C:\xevil20h\win32\res\bmp00205.bmp --> super-grover /xevil/win32/res bmp00205.bmp
97.04.02 12:02 B C:\xevil20h\win32\res\bmp00206.bmp --> super-grover /xevil/win32/res bmp00206.bmp
97.04.02 12:02 B C:\xevil20h\win32\res\bmp00207.bmp --> super-grover /xevil/win32/res bmp00207.bmp
97.04.02 12:02 B C:\xevil20h\win32\res\bmp00208.bmp --> super-grover /xevil/win32/res bmp00208.bmp
97.04.02 12:02 B C:\xevil20h\win32\res\bmp00209.bmp --> super-grover /xevil/win32/res bmp00209.bmp
97.04.02 12:02 B C:\xevil20h\win32\res\bmp00210.bmp --> super-grover /xevil/win32/res bmp00210.bmp
97.04.02 12:02 B C:\xevil20h\win32\res\bmp00211.bmp --> super-grover /xevil/win32/res bmp00211.bmp
97.04.02 12:02 B C:\xevil20h\win32\res\bmp00212.bmp --> super-grover /xevil/win32/res bmp00212.bmp
97.04.02 12:02 B C:\xevil20h\win32\res\bmp00213.bmp --> super-grover /xevil/win32/res bmp00213.bmp
97.04.02 12:02 B C:\xevil20h\win32\res\bmp00214.bmp --> super-grover /xevil/win32/res bmp00214.bmp
97.04.02 12:02 B C:\xevil20h\win32\res\bmp00215.bmp --> super-grover /xevil/win32/res bmp00215.bmp
97.04.02 12:03 B C:\xevil20h\win32\res\bmp00216.bmp --> super-grover /xevil/win32/res bmp00216.bmp
97.04.02 12:03 B C:\xevil20h\win32\res\bomb0.bmp --> super-grover /xevil/win32/res bomb0.bmp
97.04.02 12:03 B C:\xevil20h\win32\res\bomb0_ma.bmp --> super-grover /xevil/win32/res bomb0_ma.bmp
97.04.02 12:03 B C:\xevil20h\win32\res\bomb1.bmp --> super-grover /xevil/win32/res bomb1.bmp
97.04.02 12:03 B C:\xevil20h\win32\res\bomb1_ma.bmp --> super-grover /xevil/win32/res bomb1_ma.bmp
97.04.02 12:03 B C:\xevil20h\win32\res\bomb1b_m.bmp --> super-grover /xevil/win32/res bomb1b_m.bmp
97.04.02 12:03 B C:\xevil20h\win32\res\bomb2.bmp --> super-grover /xevil/win32/res bomb2.bmp
97.04.02 12:03 B C:\xevil20h\win32\res\bomb2_ma.bmp --> super-grover /xevil/win32/res bomb2_ma.bmp
97.04.02 12:03 B C:\xevil20h\win32\res\bomb2b_m.bmp --> super-grover /xevil/win32/res bomb2b_m.bmp
97.04.02 12:03 B C:\xevil20h\win32\res\bomb3.bmp --> super-grover /xevil/win32/res bomb3.bmp
97.04.02 12:03 B C:\xevil20h\win32\res\bomb3_ma.bmp --> super-grover /xevil/win32/res bomb3_ma.bmp
97.04.02 12:03 B C:\xevil20h\win32\res\bomb3b_m.bmp --> super-grover /xevil/win32/res bomb3b_m.bmp
97.04.02 12:03 B C:\xevil20h\win32\res\bomb4.bmp --> super-grover /xevil/win32/res bomb4.bmp
97.04.02 12:03 B C:\xevil20h\win32\res\bomb4_ma.bmp --> super-grover /xevil/win32/res bomb4_ma.bmp
97.04.02 12:03 B C:\xevil20h\win32\res\bomb4b_m.bmp --> super-grover /xevil/win32/res bomb4b_m.bmp
97.04.02 12:03 B C:\xevil20h\win32\res\bomb5.bmp --> super-grover /xevil/win32/res bomb5.bmp
97.04.02 12:03 B C:\xevil20h\win32\res\bomb5_ma.bmp --> super-grover /xevil/win32/res bomb5_ma.bmp
97.04.02 12:03 B C:\xevil20h\win32\res\bomb5b_m.bmp --> super-grover /xevil/win32/res bomb5b_m.bmp
97.04.02 12:03 B C:\xevil20h\win32\res\bomb6.bmp --> super-grover /xevil/win32/res bomb6.bmp
97.04.02 12:03 B C:\xevil20h\win32\res\bomb6_ma.bmp --> super-grover /xevil/win32/res bomb6_ma.bmp
97.04.02 12:03 B C:\xevil20h\win32\res\breakdwn.wav --> super-grover /xevil/win32/res breakdwn.wav
97.04.02 12:03 B C:\xevil20h\win32\res\cat.bmp --> super-grover /xevil/win32/res cat.bmp
97.04.02 12:03 B C:\xevil20h\win32\res\chainsaw.bmp --> super-grover /xevil/win32/res chainsaw.bmp
97.04.02 12:03 B C:\xevil20h\win32\res\chainsw.wav --> super-grover /xevil/win32/res chainsw.wav
97.04.02 12:03 B C:\xevil20h\win32\res\chopperb.bmp --> super-grover /xevil/win32/res chopperb.bmp
97.04.02 12:03 B C:\xevil20h\win32\res\chpdeath.wav --> super-grover /xevil/win32/res chpdeath.wav
97.04.02 12:03 B C:\xevil20h\win32\res\cloak.bmp --> super-grover /xevil/win32/res cloak.bmp
97.04.02 12:03 B C:\xevil20h\win32\res\cloak.wav --> super-grover /xevil/win32/res cloak.wav
97.04.02 12:03 B C:\xevil20h\win32\res\cloak1.bmp --> super-grover /xevil/win32/res cloak1.bmp
97.04.02 12:03 B C:\xevil20h\win32\res\cloak_ma.bmp --> super-grover /xevil/win32/res cloak_ma.bmp
97.04.02 12:03 B C:\xevil20h\win32\res\death.wav --> super-grover /xevil/win32/res death.wav
97.04.02 12:03 B C:\xevil20h\win32\res\dog0.bmp --> super-grover /xevil/win32/res dog0.bmp
97.04.02 12:03 B C:\xevil20h\win32\res\dog0_att.bmp --> super-grover /xevil/win32/res dog0_att.bmp
97.04.02 12:03 B C:\xevil20h\win32\res\dog0b.bmp --> super-grover /xevil/win32/res dog0b.bmp
97.04.02 12:03 B C:\xevil20h\win32\res\dog1.bmp --> super-grover /xevil/win32/res dog1.bmp
97.04.02 12:03 B C:\xevil20h\win32\res\dog10.bmp --> super-grover /xevil/win32/res dog10.bmp
97.04.02 12:03 B C:\xevil20h\win32\res\dog10_at.bmp --> super-grover /xevil/win32/res dog10_at.bmp
97.04.02 12:03 B C:\xevil20h\win32\res\dog10b.bmp --> super-grover /xevil/win32/res dog10b.bmp
97.04.02 12:03 B C:\xevil20h\win32\res\dog11.bmp --> super-grover /xevil/win32/res dog11.bmp
97.04.02 12:03 B C:\xevil20h\win32\res\dog11_at.bmp --> super-grover /xevil/win32/res dog11_at.bmp
97.04.02 12:03 B C:\xevil20h\win32\res\dog11b.bmp --> super-grover /xevil/win32/res dog11b.bmp
97.04.02 12:03 B C:\xevil20h\win32\res\dog18.bmp --> super-grover /xevil/win32/res dog18.bmp
97.04.02 12:03 B C:\xevil20h\win32\res\dog1_att.bmp --> super-grover /xevil/win32/res dog1_att.bmp
97.04.02 12:03 B C:\xevil20h\win32\res\dog1b.bmp --> super-grover /xevil/win32/res dog1b.bmp
97.04.02 12:03 B C:\xevil20h\win32\res\dog2.bmp --> super-grover /xevil/win32/res dog2.bmp
97.04.02 12:03 B C:\xevil20h\win32\res\dog20.bmp --> super-grover /xevil/win32/res dog20.bmp
97.04.02 12:03 B C:\xevil20h\win32\res\dog20b.bmp --> super-grover /xevil/win32/res dog20b.bmp
97.04.02 12:03 B C:\xevil20h\win32\res\dog21_at.bmp --> super-grover /xevil/win32/res dog21_at.bmp
97.04.02 12:03 B C:\xevil20h\win32\res\dog22_at.bmp --> super-grover /xevil/win32/res dog22_at.bmp
97.04.02 12:03 B C:\xevil20h\win32\res\dog2_att.bmp --> super-grover /xevil/win32/res dog2_att.bmp
97.04.02 12:03 B C:\xevil20h\win32\res\dog3.bmp --> super-grover /xevil/win32/res dog3.bmp
97.04.02 12:03 B C:\xevil20h\win32\res\dog3_att.bmp --> super-grover /xevil/win32/res dog3_att.bmp
97.04.02 12:03 B C:\xevil20h\win32\res\dog4.bmp --> super-grover /xevil/win32/res dog4.bmp
97.04.02 12:03 B C:\xevil20h\win32\res\dog5.bmp --> super-grover /xevil/win32/res dog5.bmp
97.04.02 12:03 B C:\xevil20h\win32\res\dog9.bmp --> super-grover /xevil/win32/res dog9.bmp
97.04.02 12:03 B C:\xevil20h\win32\res\dog_21.bmp --> super-grover /xevil/win32/res dog_21.bmp
97.04.02 12:03 B C:\xevil20h\win32\res\dog_dead.bmp --> super-grover /xevil/win32/res dog_dead.bmp
97.04.02 12:03 B C:\xevil20h\win32\res\dogatt.wav --> super-grover /xevil/win32/res dogatt.wav
97.04.02 12:03 B C:\xevil20h\win32\res\dogdeath.wav --> super-grover /xevil/win32/res dogdeath.wav
97.04.02 12:03 B C:\xevil20h\win32\res\door12.bmp --> super-grover /xevil/win32/res door12.bmp
97.04.02 12:03 B C:\xevil20h\win32\res\door2.bmp --> super-grover /xevil/win32/res door2.bmp
97.04.02 12:03 B C:\xevil20h\win32\res\door22.bmp --> super-grover /xevil/win32/res door22.bmp
97.04.02 12:03 B C:\xevil20h\win32\res\doppel.bmp --> super-grover /xevil/win32/res doppel.bmp
97.04.02 12:03 B C:\xevil20h\win32\res\doppel.wav --> super-grover /xevil/win32/res doppel.wav
97.04.02 12:03 B C:\xevil20h\win32\res\doppel1.bmp --> super-grover /xevil/win32/res doppel1.bmp
97.04.02 12:03 B C:\xevil20h\win32\res\doppel_m.bmp --> super-grover /xevil/win32/res doppel_m.bmp
97.04.02 12:03 B C:\xevil20h\win32\res\drop_sch.bmp --> super-grover /xevil/win32/res drop_sch.bmp
97.04.02 12:03 B C:\xevil20h\win32\res\drugs.bmp --> super-grover /xevil/win32/res drugs.bmp
97.04.02 12:03 B C:\xevil20h\win32\res\dwhistle.bmp --> super-grover /xevil/win32/res dwhistle.bmp
97.04.02 12:03 B C:\xevil20h\win32\res\egg.bmp --> super-grover /xevil/win32/res egg.bmp
97.04.02 12:03 B C:\xevil20h\win32\res\egg_mask.bmp --> super-grover /xevil/win32/res egg_mask.bmp
97.04.02 12:03 B C:\xevil20h\win32\res\egg_open.bmp --> super-grover /xevil/win32/res egg_open.bmp
97.04.02 12:03 B C:\xevil20h\win32\res\empty.bmp --> super-grover /xevil/win32/res empty.bmp
97.04.02 12:03 B C:\xevil20h\win32\res\empty1.bmp --> super-grover /xevil/win32/res empty1.bmp
97.04.02 12:03 B C:\xevil20h\win32\res\enforcer.bmp --> super-grover /xevil/win32/res enforcer.bmp
97.04.02 12:03 B C:\xevil20h\win32\res\explosion.wav --> super-grover /xevil/win32/res explosion.wav
97.04.02 12:03 B C:\xevil20h\win32\res\fireball.wav --> super-grover /xevil/win32/res fireball.wav
97.04.02 12:03 B C:\xevil20h\win32\res\firedead.bmp --> super-grover /xevil/win32/res firedead.bmp
97.04.02 12:03 B C:\xevil20h\win32\res\firedemo.bmp --> super-grover /xevil/win32/res firedemo.bmp
97.04.02 12:03 B C:\xevil20h\win32\res\fist.bmp --> super-grover /xevil/win32/res fist.bmp
97.04.02 12:03 B C:\xevil20h\win32\res\flag.bmp --> super-grover /xevil/win32/res flag.bmp
97.04.02 12:03 B C:\xevil20h\win32\res\flag_mas.bmp --> super-grover /xevil/win32/res flag_mas.bmp
97.04.02 12:03 B C:\xevil20h\win32\res\flame_ma.bmp --> super-grover /xevil/win32/res flame_ma.bmp
97.04.02 12:03 B C:\xevil20h\win32\res\flamethr.bmp --> super-grover /xevil/win32/res flamethr.bmp
97.04.02 12:03 B C:\xevil20h\win32\res\frog.wav --> super-grover /xevil/win32/res frog.wav
97.04.02 12:03 B C:\xevil20h\win32\res\frog0.bmp --> super-grover /xevil/win32/res frog0.bmp
97.04.02 12:03 B C:\xevil20h\win32\res\frog0_ma.bmp --> super-grover /xevil/win32/res frog0_ma.bmp
97.04.02 12:03 B C:\xevil20h\win32\res\frog1.bmp --> super-grover /xevil/win32/res frog1.bmp
97.04.02 12:03 B C:\xevil20h\win32\res\frog1_ma.bmp --> super-grover /xevil/win32/res frog1_ma.bmp
97.04.02 12:03 B C:\xevil20h\win32\res\frog2.bmp --> super-grover /xevil/win32/res frog2.bmp
97.04.02 12:03 B C:\xevil20h\win32\res\frog2_ma.bmp --> super-grover /xevil/win32/res frog2_ma.bmp
97.04.02 12:03 B C:\xevil20h\win32\res\frog3.bmp --> super-grover /xevil/win32/res frog3.bmp
97.04.02 12:03 B C:\xevil20h\win32\res\frog3_ma.bmp --> super-grover /xevil/win32/res frog3_ma.bmp
97.04.02 12:03 B C:\xevil20h\win32\res\frog4.bmp --> super-grover /xevil/win32/res frog4.bmp
97.04.02 12:03 B C:\xevil20h\win32\res\frog4_ma.bmp --> super-grover /xevil/win32/res frog4_ma.bmp
97.04.02 12:03 B C:\xevil20h\win32\res\frog5.bmp --> super-grover /xevil/win32/res frog5.bmp
97.04.02 12:03 B C:\xevil20h\win32\res\frog5_ma.bmp --> super-grover /xevil/win32/res frog5_ma.bmp
97.04.02 12:03 B C:\xevil20h\win32\res\frog_dea.bmp --> super-grover /xevil/win32/res frog_dea.bmp
97.04.02 12:03 B C:\xevil20h\win32\res\frog_she.bmp --> super-grover /xevil/win32/res frog_she.bmp
97.04.02 12:03 B C:\xevil20h\win32\res\frogdeth.wav --> super-grover /xevil/win32/res frogdeth.wav
97.04.02 12:03 B C:\xevil20h\win32\res\froggun.bmp --> super-grover /xevil/win32/res froggun.bmp
97.04.02 12:03 B C:\xevil20h\win32\res\froggun.wav --> super-grover /xevil/win32/res froggun.wav
97.04.02 12:03 B C:\xevil20h\win32\res\froggun1.bmp --> super-grover /xevil/win32/res froggun1.bmp
97.04.02 12:03 B C:\xevil20h\win32\res\grass.bmp --> super-grover /xevil/win32/res grass.bmp
97.04.02 12:03 B C:\xevil20h\win32\res\grenade1.bmp --> super-grover /xevil/win32/res grenade1.bmp
97.04.02 12:03 B C:\xevil20h\win32\res\grenade2.bmp --> super-grover /xevil/win32/res grenade2.bmp
97.04.02 12:03 B C:\xevil20h\win32\res\grenade3.bmp --> super-grover /xevil/win32/res grenade3.bmp
97.04.02 12:03 B C:\xevil20h\win32\res\grenade4.bmp --> super-grover /xevil/win32/res grenade4.bmp
97.04.02 12:03 B C:\xevil20h\win32\res\grenades.bmp --> super-grover /xevil/win32/res grenades.bmp
97.04.02 12:03 B C:\xevil20h\win32\res\happy.bmp --> super-grover /xevil/win32/res happy.bmp
97.04.02 12:03 B C:\xevil20h\win32\res\hero0.bmp --> super-grover /xevil/win32/res hero0.bmp
97.04.02 12:03 B C:\xevil20h\win32\res\hero0_at.bmp --> super-grover /xevil/win32/res hero0_at.bmp
97.04.02 12:03 B C:\xevil20h\win32\res\hero0_ma.bmp --> super-grover /xevil/win32/res hero0_ma.bmp
97.04.02 12:03 B C:\xevil20h\win32\res\hero0b.bmp --> super-grover /xevil/win32/res hero0b.bmp
97.04.02 12:03 B C:\xevil20h\win32\res\hero0b_m.bmp --> super-grover /xevil/win32/res hero0b_m.bmp
97.04.02 12:03 B C:\xevil20h\win32\res\hero0c.bmp --> super-grover /xevil/win32/res hero0c.bmp
97.04.02 12:03 B C:\xevil20h\win32\res\hero0c_m.bmp --> super-grover /xevil/win32/res hero0c_m.bmp
97.04.02 12:03 B C:\xevil20h\win32\res\hero1.bmp --> super-grover /xevil/win32/res hero1.bmp
97.04.02 12:03 B C:\xevil20h\win32\res\hero10.bmp --> super-grover /xevil/win32/res hero10.bmp
97.04.02 12:03 B C:\xevil20h\win32\res\hero10_a.bmp --> super-grover /xevil/win32/res hero10_a.bmp
97.04.02 12:03 B C:\xevil20h\win32\res\hero10_m.bmp --> super-grover /xevil/win32/res hero10_m.bmp
97.04.02 12:03 B C:\xevil20h\win32\res\hero10b.bmp --> super-grover /xevil/win32/res hero10b.bmp
97.04.02 12:03 B C:\xevil20h\win32\res\hero10b_.bmp --> super-grover /xevil/win32/res hero10b_.bmp
97.04.02 12:03 B C:\xevil20h\win32\res\hero11.bmp --> super-grover /xevil/win32/res hero11.bmp
97.04.02 12:03 B C:\xevil20h\win32\res\hero11_a.bmp --> super-grover /xevil/win32/res hero11_a.bmp
97.04.02 12:03 B C:\xevil20h\win32\res\hero11_m.bmp --> super-grover /xevil/win32/res hero11_m.bmp
97.04.02 12:03 B C:\xevil20h\win32\res\hero11b.bmp --> super-grover /xevil/win32/res hero11b.bmp
97.04.02 12:03 B C:\xevil20h\win32\res\hero11b_.bmp --> super-grover /xevil/win32/res hero11b_.bmp
97.04.02 12:03 B C:\xevil20h\win32\res\hero18.bmp --> super-grover /xevil/win32/res hero18.bmp
97.04.02 12:03 B C:\xevil20h\win32\res\hero18_m.bmp --> super-grover /xevil/win32/res hero18_m.bmp
97.04.02 12:03 B C:\xevil20h\win32\res\hero1_at.bmp --> super-grover /xevil/win32/res hero1_at.bmp
97.04.02 12:03 B C:\xevil20h\win32\res\hero1_ma.bmp --> super-grover /xevil/win32/res hero1_ma.bmp
97.04.02 12:03 B C:\xevil20h\win32\res\hero1b.bmp --> super-grover /xevil/win32/res hero1b.bmp
97.04.02 12:03 B C:\xevil20h\win32\res\hero1b_m.bmp --> super-grover /xevil/win32/res hero1b_m.bmp
97.04.02 12:03 B C:\xevil20h\win32\res\hero1c.bmp --> super-grover /xevil/win32/res hero1c.bmp
97.04.02 12:03 B C:\xevil20h\win32\res\hero1c_m.bmp --> super-grover /xevil/win32/res hero1c_m.bmp
97.04.02 12:03 B C:\xevil20h\win32\res\hero2.bmp --> super-grover /xevil/win32/res hero2.bmp
97.04.02 12:03 B C:\xevil20h\win32\res\hero20.bmp --> super-grover /xevil/win32/res hero20.bmp
97.04.02 12:03 B C:\xevil20h\win32\res\hero20_m.bmp --> super-grover /xevil/win32/res hero20_m.bmp
97.04.02 12:03 B C:\xevil20h\win32\res\hero20b.bmp --> super-grover /xevil/win32/res hero20b.bmp
97.04.02 12:03 B C:\xevil20h\win32\res\hero20b_.bmp --> super-grover /xevil/win32/res hero20b_.bmp
97.04.02 12:03 B C:\xevil20h\win32\res\hero21_a.bmp --> super-grover /xevil/win32/res hero21_a.bmp
97.04.02 12:03 B C:\xevil20h\win32\res\hero22_a.bmp --> super-grover /xevil/win32/res hero22_a.bmp
97.04.02 12:03 B C:\xevil20h\win32\res\hero2_at.bmp --> super-grover /xevil/win32/res hero2_at.bmp
97.04.02 12:03 B C:\xevil20h\win32\res\hero2_ma.bmp --> super-grover /xevil/win32/res hero2_ma.bmp
97.04.02 12:03 B C:\xevil20h\win32\res\hero3.bmp --> super-grover /xevil/win32/res hero3.bmp
97.04.02 12:03 B C:\xevil20h\win32\res\hero3_at.bmp --> super-grover /xevil/win32/res hero3_at.bmp
97.04.02 12:03 B C:\xevil20h\win32\res\hero3_ma.bmp --> super-grover /xevil/win32/res hero3_ma.bmp
97.04.02 12:03 B C:\xevil20h\win32\res\hero4.bmp --> super-grover /xevil/win32/res hero4.bmp
97.04.02 12:03 B C:\xevil20h\win32\res\hero4_ma.bmp --> super-grover /xevil/win32/res hero4_ma.bmp
97.04.02 12:03 B C:\xevil20h\win32\res\hero5.bmp --> super-grover /xevil/win32/res hero5.bmp
97.04.02 12:03 B C:\xevil20h\win32\res\hero5_ma.bmp --> super-grover /xevil/win32/res hero5_ma.bmp
97.04.02 12:03 B C:\xevil20h\win32\res\hero6.bmp --> super-grover /xevil/win32/res hero6.bmp
97.04.02 12:03 B C:\xevil20h\win32\res\hero_dea.bmp --> super-grover /xevil/win32/res hero_dea.bmp
97.04.02 12:03 B C:\xevil20h\win32\res\heroatt.wav --> super-grover /xevil/win32/res heroatt.wav
97.04.02 12:03 B C:\xevil20h\win32\res\home_mas.bmp --> super-grover /xevil/win32/res home_mas.bmp
97.04.02 12:03 B C:\xevil20h\win32\res\hugger0.bmp --> super-grover /xevil/win32/res hugger0.bmp
97.04.02 12:03 B C:\xevil20h\win32\res\hugger0_.bmp --> super-grover /xevil/win32/res hugger0_.bmp
97.04.02 12:03 B C:\xevil20h\win32\res\hugger0b.bmp --> super-grover /xevil/win32/res hugger0b.bmp
97.04.02 12:03 B C:\xevil20h\win32\res\hugger1.bmp --> super-grover /xevil/win32/res hugger1.bmp
97.04.02 12:03 B C:\xevil20h\win32\res\hugger12.bmp --> super-grover /xevil/win32/res hugger12.bmp
97.04.02 12:04 B C:\xevil20h\win32\res\hugger15.bmp --> super-grover /xevil/win32/res hugger15.bmp
97.04.02 12:04 B C:\xevil20h\win32\res\hugger16.bmp --> super-grover /xevil/win32/res hugger16.bmp
97.04.02 12:04 B C:\xevil20h\win32\res\hugger17.bmp --> super-grover /xevil/win32/res hugger17.bmp
97.04.02 12:04 B C:\xevil20h\win32\res\hugger1_.bmp --> super-grover /xevil/win32/res hugger1_.bmp
97.04.02 12:04 B C:\xevil20h\win32\res\hugger1b.bmp --> super-grover /xevil/win32/res hugger1b.bmp
97.04.02 12:04 B C:\xevil20h\win32\res\hugger2.bmp --> super-grover /xevil/win32/res hugger2.bmp
97.04.02 12:04 B C:\xevil20h\win32\res\hugger2_.bmp --> super-grover /xevil/win32/res hugger2_.bmp
97.04.02 12:04 B C:\xevil20h\win32\res\hugger3.bmp --> super-grover /xevil/win32/res hugger3.bmp
97.04.02 12:04 B C:\xevil20h\win32\res\hugger3_.bmp --> super-grover /xevil/win32/res hugger3_.bmp
97.04.02 12:04 B C:\xevil20h\win32\res\hugger4.bmp --> super-grover /xevil/win32/res hugger4.bmp
97.04.02 12:04 B C:\xevil20h\win32\res\hugger4_.bmp --> super-grover /xevil/win32/res hugger4_.bmp
97.04.02 12:04 B C:\xevil20h\win32\res\hugger4b.bmp --> super-grover /xevil/win32/res hugger4b.bmp
97.04.02 12:04 B C:\xevil20h\win32\res\hugger5.bmp --> super-grover /xevil/win32/res hugger5.bmp
97.04.02 12:04 B C:\xevil20h\win32\res\hugger5_.bmp --> super-grover /xevil/win32/res hugger5_.bmp
97.04.02 12:04 B C:\xevil20h\win32\res\hugger6.bmp --> super-grover /xevil/win32/res hugger6.bmp
97.04.02 12:04 B C:\xevil20h\win32\res\hugger6_.bmp --> super-grover /xevil/win32/res hugger6_.bmp
97.04.02 12:04 B C:\xevil20h\win32\res\hugger6b.bmp --> super-grover /xevil/win32/res hugger6b.bmp
97.04.02 12:04 B C:\xevil20h\win32\res\hugger_d.bmp --> super-grover /xevil/win32/res hugger_d.bmp
97.04.02 12:04 B C:\xevil20h\win32\res\hugger_r.bmp --> super-grover /xevil/win32/res hugger_r.bmp
97.04.02 12:04 B C:\xevil20h\win32\res\ico00001.ico --> super-grover /xevil/win32/res ico00001.ico
97.04.02 12:04 B C:\xevil20h\win32\res\idr_xevi.ico --> super-grover /xevil/win32/res idr_xevi.ico
97.04.02 12:04 B C:\xevil20h\win32\res\ladder1.bmp --> super-grover /xevil/win32/res ladder1.bmp
97.04.02 12:04 B C:\xevil20h\win32\res\lance_ho.bmp --> super-grover /xevil/win32/res lance_ho.bmp
97.04.02 12:04 B C:\xevil20h\win32\res\lance_ve.bmp --> super-grover /xevil/win32/res lance_ve.bmp
97.04.02 12:04 B C:\xevil20h\win32\res\lancer.bmp --> super-grover /xevil/win32/res lancer.bmp
97.04.02 12:04 B C:\xevil20h\win32\res\lancer.wav --> super-grover /xevil/win32/res lancer.wav
97.04.02 12:04 B C:\xevil20h\win32\res\lancer_m.bmp --> super-grover /xevil/win32/res lancer_m.bmp
97.04.02 12:04 B C:\xevil20h\win32\res\laser.wav --> super-grover /xevil/win32/res laser.wav
97.04.02 12:04 B C:\xevil20h\win32\res\laser_ho.bmp --> super-grover /xevil/win32/res laser_ho.bmp
97.04.02 12:04 B C:\xevil20h\win32\res\laser_ve.bmp --> super-grover /xevil/win32/res laser_ve.bmp
97.04.02 12:04 B C:\xevil20h\win32\res\launcher.bmp --> super-grover /xevil/win32/res launcher.bmp
97.04.02 12:04 B C:\xevil20h\win32\res\lem_trak.wav --> super-grover /xevil/win32/res lem_trak.wav
97.04.02 12:04 B C:\xevil20h\win32\res\lemdeth.wav --> super-grover /xevil/win32/res lemdeth.wav
97.04.02 12:04 B C:\xevil20h\win32\res\lemming0.bmp --> super-grover /xevil/win32/res lemming0.bmp
97.04.02 12:04 B C:\xevil20h\win32\res\lemming1.bmp --> super-grover /xevil/win32/res lemming1.bmp
97.04.02 12:04 B C:\xevil20h\win32\res\lemming5.bmp --> super-grover /xevil/win32/res lemming5.bmp
97.04.02 12:04 B C:\xevil20h\win32\res\lemming_.bmp --> super-grover /xevil/win32/res lemming_.bmp
97.04.02 12:04 B C:\xevil20h\win32\res\machgun.wav --> super-grover /xevil/win32/res machgun.wav
97.04.02 12:04 B C:\xevil20h\win32\res\medkit.bmp --> super-grover /xevil/win32/res medkit.bmp
97.04.02 12:04 B C:\xevil20h\win32\res\medkit1.bmp --> super-grover /xevil/win32/res medkit1.bmp
97.04.02 12:04 B C:\xevil20h\win32\res\mgun.bmp --> super-grover /xevil/win32/res mgun.bmp
97.04.02 12:04 B C:\xevil20h\win32\res\mgun_mas.bmp --> super-grover /xevil/win32/res mgun_mas.bmp
97.04.02 12:04 B C:\xevil20h\win32\res\missile.wav --> super-grover /xevil/win32/res missile.wav
97.04.02 12:04 B C:\xevil20h\win32\res\missle25.bmp --> super-grover /xevil/win32/res missle25.bmp
97.04.02 12:04 B C:\xevil20h\win32\res\missle26.bmp --> super-grover /xevil/win32/res missle26.bmp
97.04.02 12:04 B C:\xevil20h\win32\res\missle27.bmp --> super-grover /xevil/win32/res missle27.bmp
97.04.02 12:04 B C:\xevil20h\win32\res\missle28.bmp --> super-grover /xevil/win32/res missle28.bmp
97.04.02 12:04 B C:\xevil20h\win32\res\missle29.bmp --> super-grover /xevil/win32/res missle29.bmp
97.04.02 12:04 B C:\xevil20h\win32\res\missle30.bmp --> super-grover /xevil/win32/res missle30.bmp
97.04.02 12:04 B C:\xevil20h\win32\res\missle31.bmp --> super-grover /xevil/win32/res missle31.bmp
97.04.02 12:04 B C:\xevil20h\win32\res\missle32.bmp --> super-grover /xevil/win32/res missle32.bmp
97.04.02 12:04 B C:\xevil20h\win32\res\missle33.bmp --> super-grover /xevil/win32/res missle33.bmp
97.04.02 12:04 B C:\xevil20h\win32\res\missle34.bmp --> super-grover /xevil/win32/res missle34.bmp
97.04.02 12:04 B C:\xevil20h\win32\res\missle35.bmp --> super-grover /xevil/win32/res missle35.bmp
97.04.02 12:04 B C:\xevil20h\win32\res\missle36.bmp --> super-grover /xevil/win32/res missle36.bmp
97.04.02 12:04 B C:\xevil20h\win32\res\missle37.bmp --> super-grover /xevil/win32/res missle37.bmp
97.04.02 12:04 B C:\xevil20h\win32\res\missle38.bmp --> super-grover /xevil/win32/res missle38.bmp
97.04.02 12:04 B C:\xevil20h\win32\res\missle39.bmp --> super-grover /xevil/win32/res missle39.bmp
97.04.02 12:04 B C:\xevil20h\win32\res\missle40.bmp --> super-grover /xevil/win32/res missle40.bmp
97.04.02 12:04 B C:\xevil20h\win32\res\mover.bmp --> super-grover /xevil/win32/res mover.bmp
97.04.02 12:04 B C:\xevil20h\win32\res\moversqu.bmp --> super-grover /xevil/win32/res moversqu.bmp
97.04.02 12:04 B C:\xevil20h\win32\res\niinja4_.bmp --> super-grover /xevil/win32/res niinja4_.bmp
97.04.02 12:04 B C:\xevil20h\win32\res\niinja6.bmp --> super-grover /xevil/win32/res niinja6.bmp
97.04.02 12:04 B C:\xevil20h\win32\res\ninj0_a.bmp --> super-grover /xevil/win32/res ninj0_a.bmp
97.04.02 12:04 B C:\xevil20h\win32\res\ninj0_m.bmp --> super-grover /xevil/win32/res ninj0_m.bmp
97.04.02 12:04 B C:\xevil20h\win32\res\ninj0b1.bmp --> super-grover /xevil/win32/res ninj0b1.bmp
97.04.02 12:04 B C:\xevil20h\win32\res\ninj0b_.bmp --> super-grover /xevil/win32/res ninj0b_.bmp
97.04.02 12:04 B C:\xevil20h\win32\res\ninj0c1.bmp --> super-grover /xevil/win32/res ninj0c1.bmp
97.04.02 12:04 B C:\xevil20h\win32\res\ninj0c_.bmp --> super-grover /xevil/win32/res ninj0c_.bmp
97.04.02 12:04 B C:\xevil20h\win32\res\ninj0d_.bmp --> super-grover /xevil/win32/res ninj0d_.bmp
97.04.02 12:04 B C:\xevil20h\win32\res\ninj1.bmp --> super-grover /xevil/win32/res ninj1.bmp
97.04.02 12:04 B C:\xevil20h\win32\res\ninj10.bmp --> super-grover /xevil/win32/res ninj10.bmp
97.04.02 12:04 B C:\xevil20h\win32\res\ninj10_.bmp --> super-grover /xevil/win32/res ninj10_.bmp
97.04.02 12:04 B C:\xevil20h\win32\res\ninj10b.bmp --> super-grover /xevil/win32/res ninj10b.bmp
97.04.02 12:04 B C:\xevil20h\win32\res\ninj11.bmp --> super-grover /xevil/win32/res ninj11.bmp
97.04.02 12:04 B C:\xevil20h\win32\res\ninj11_.bmp --> super-grover /xevil/win32/res ninj11_.bmp
97.04.02 12:04 B C:\xevil20h\win32\res\ninj11b.bmp --> super-grover /xevil/win32/res ninj11b.bmp
97.04.02 12:04 B C:\xevil20h\win32\res\ninj12.bmp --> super-grover /xevil/win32/res ninj12.bmp
97.04.02 12:04 B C:\xevil20h\win32\res\ninj12_.bmp --> super-grover /xevil/win32/res ninj12_.bmp
97.04.02 12:04 B C:\xevil20h\win32\res\ninj12b.bmp --> super-grover /xevil/win32/res ninj12b.bmp
97.04.02 12:04 B C:\xevil20h\win32\res\ninj13.bmp --> super-grover /xevil/win32/res ninj13.bmp
97.04.02 12:04 B C:\xevil20h\win32\res\ninj13_.bmp --> super-grover /xevil/win32/res ninj13_.bmp
97.04.02 12:04 B C:\xevil20h\win32\res\ninj14.bmp --> super-grover /xevil/win32/res ninj14.bmp
97.04.02 12:04 B C:\xevil20h\win32\res\ninj14_.bmp --> super-grover /xevil/win32/res ninj14_.bmp
97.04.02 12:04 B C:\xevil20h\win32\res\ninj16.bmp --> super-grover /xevil/win32/res ninj16.bmp
97.04.02 12:04 B C:\xevil20h\win32\res\ninj16_.bmp --> super-grover /xevil/win32/res ninj16_.bmp
97.04.02 12:04 B C:\xevil20h\win32\res\ninj16b.bmp --> super-grover /xevil/win32/res ninj16b.bmp
97.04.02 12:04 B C:\xevil20h\win32\res\ninj17.bmp --> super-grover /xevil/win32/res ninj17.bmp
97.04.02 12:04 B C:\xevil20h\win32\res\ninj17_.bmp --> super-grover /xevil/win32/res ninj17_.bmp
97.04.02 12:04 B C:\xevil20h\win32\res\ninj17b.bmp --> super-grover /xevil/win32/res ninj17b.bmp
97.04.02 12:04 B C:\xevil20h\win32\res\ninj18.bmp --> super-grover /xevil/win32/res ninj18.bmp
97.04.02 12:04 B C:\xevil20h\win32\res\ninj18_.bmp --> super-grover /xevil/win32/res ninj18_.bmp
97.04.02 12:04 B C:\xevil20h\win32\res\ninj18b.bmp --> super-grover /xevil/win32/res ninj18b.bmp
97.04.02 12:04 B C:\xevil20h\win32\res\ninj19.bmp --> super-grover /xevil/win32/res ninj19.bmp
97.04.02 12:04 B C:\xevil20h\win32\res\ninj19_.bmp --> super-grover /xevil/win32/res ninj19_.bmp
97.04.02 12:04 B C:\xevil20h\win32\res\ninj1_a.bmp --> super-grover /xevil/win32/res ninj1_a.bmp
97.04.02 12:04 B C:\xevil20h\win32\res\ninj1_m.bmp --> super-grover /xevil/win32/res ninj1_m.bmp
97.04.02 12:04 B C:\xevil20h\win32\res\ninj1b.bmp --> super-grover /xevil/win32/res ninj1b.bmp
97.04.02 12:04 B C:\xevil20h\win32\res\ninj1b_.bmp --> super-grover /xevil/win32/res ninj1b_.bmp
97.04.02 12:04 B C:\xevil20h\win32\res\ninj1c.bmp --> super-grover /xevil/win32/res ninj1c.bmp
97.04.02 12:04 B C:\xevil20h\win32\res\ninj1c_.bmp --> super-grover /xevil/win32/res ninj1c_.bmp
97.04.02 12:04 B C:\xevil20h\win32\res\ninj1d.bmp --> super-grover /xevil/win32/res ninj1d.bmp
97.04.02 12:04 B C:\xevil20h\win32\res\ninj1d_.bmp --> super-grover /xevil/win32/res ninj1d_.bmp
97.04.02 12:04 B C:\xevil20h\win32\res\ninj21_.bmp --> super-grover /xevil/win32/res ninj21_.bmp
97.04.02 12:04 B C:\xevil20h\win32\res\ninj22_.bmp --> super-grover /xevil/win32/res ninj22_.bmp
97.04.02 12:04 B C:\xevil20h\win32\res\ninj2_a.bmp --> super-grover /xevil/win32/res ninj2_a.bmp
97.04.02 12:04 B C:\xevil20h\win32\res\ninj2_m.bmp --> super-grover /xevil/win32/res ninj2_m.bmp
97.04.02 12:04 B C:\xevil20h\win32\res\ninj2b_.bmp --> super-grover /xevil/win32/res ninj2b_.bmp
97.04.02 12:04 B C:\xevil20h\win32\res\ninj2c_.bmp --> super-grover /xevil/win32/res ninj2c_.bmp
97.04.02 12:04 B C:\xevil20h\win32\res\ninj2d_.bmp --> super-grover /xevil/win32/res ninj2d_.bmp
97.04.02 12:04 B C:\xevil20h\win32\res\ninj3.bmp --> super-grover /xevil/win32/res ninj3.bmp
97.04.02 12:04 B C:\xevil20h\win32\res\ninj3_a.bmp --> super-grover /xevil/win32/res ninj3_a.bmp
97.04.02 12:04 B C:\xevil20h\win32\res\ninj3_m.bmp --> super-grover /xevil/win32/res ninj3_m.bmp
97.04.02 12:04 B C:\xevil20h\win32\res\ninj3b.bmp --> super-grover /xevil/win32/res ninj3b.bmp
97.04.02 12:04 B C:\xevil20h\win32\res\ninj3b_.bmp --> super-grover /xevil/win32/res ninj3b_.bmp
97.04.02 12:04 B C:\xevil20h\win32\res\ninj3c.bmp --> super-grover /xevil/win32/res ninj3c.bmp
97.04.02 12:04 B C:\xevil20h\win32\res\ninj3c_.bmp --> super-grover /xevil/win32/res ninj3c_.bmp
97.04.02 12:04 B C:\xevil20h\win32\res\ninj3d.bmp --> super-grover /xevil/win32/res ninj3d.bmp
97.04.02 12:04 B C:\xevil20h\win32\res\ninj3d_.bmp --> super-grover /xevil/win32/res ninj3d_.bmp
97.04.02 12:04 B C:\xevil20h\win32\res\ninj4_.bmp --> super-grover /xevil/win32/res ninj4_.bmp
97.04.02 12:04 B C:\xevil20h\win32\res\ninj5_m.bmp --> super-grover /xevil/win32/res ninj5_m.bmp
97.04.02 12:04 B C:\xevil20h\win32\res\ninj6_.bmp --> super-grover /xevil/win32/res ninj6_.bmp
97.04.02 12:04 B C:\xevil20h\win32\res\ninj6_m.bmp --> super-grover /xevil/win32/res ninj6_m.bmp
97.04.02 12:04 B C:\xevil20h\win32\res\ninj6b.bmp --> super-grover /xevil/win32/res ninj6b.bmp
97.04.02 12:04 B C:\xevil20h\win32\res\ninj6b_.bmp --> super-grover /xevil/win32/res ninj6b_.bmp
97.04.02 12:04 B C:\xevil20h\win32\res\ninj7_a.bmp --> super-grover /xevil/win32/res ninj7_a.bmp
97.04.02 12:04 B C:\xevil20h\win32\res\ninj8.bmp --> super-grover /xevil/win32/res ninj8.bmp
97.04.02 12:04 B C:\xevil20h\win32\res\ninj8_a.bmp --> super-grover /xevil/win32/res ninj8_a.bmp
97.04.02 12:04 B C:\xevil20h\win32\res\ninj_0.bmp --> super-grover /xevil/win32/res ninj_0.bmp
97.04.02 12:04 B C:\xevil20h\win32\res\ninj_0b.bmp --> super-grover /xevil/win32/res ninj_0b.bmp
97.04.02 12:04 B C:\xevil20h\win32\res\ninj_2.bmp --> super-grover /xevil/win32/res ninj_2.bmp
97.04.02 12:04 B C:\xevil20h\win32\res\ninj_2b.bmp --> super-grover /xevil/win32/res ninj_2b.bmp
97.04.02 12:04 B C:\xevil20h\win32\res\ninj_2c.bmp --> super-grover /xevil/win32/res ninj_2c.bmp
97.04.02 12:04 B C:\xevil20h\win32\res\ninj_2d.bmp --> super-grover /xevil/win32/res ninj_2d.bmp
97.04.02 12:04 B C:\xevil20h\win32\res\ninj_4.bmp --> super-grover /xevil/win32/res ninj_4.bmp
97.04.02 12:04 B C:\xevil20h\win32\res\NINJ_5.BMP --> super-grover /xevil/win32/res NINJ_5.BMP
97.04.02 12:04 B C:\xevil20h\win32\res\NINJ_7.BMP --> super-grover /xevil/win32/res NINJ_7.BMP
97.04.02 12:04 B C:\xevil20h\win32\res\ninj_de.bmp --> super-grover /xevil/win32/res ninj_de.bmp
97.04.02 12:04 B C:\xevil20h\win32\res\ninja0_a.bmp --> super-grover /xevil/win32/res ninja0_a.bmp
97.04.02 12:04 B C:\xevil20h\win32\res\ninja0_m.bmp --> super-grover /xevil/win32/res ninja0_m.bmp
97.04.02 12:04 B C:\xevil20h\win32\res\ninja0b1.bmp --> super-grover /xevil/win32/res ninja0b1.bmp
97.04.02 12:04 B C:\xevil20h\win32\res\ninja0b_.bmp --> super-grover /xevil/win32/res ninja0b_.bmp
97.04.02 12:04 B C:\xevil20h\win32\res\ninja0c1.bmp --> super-grover /xevil/win32/res ninja0c1.bmp
97.04.02 12:04 B C:\xevil20h\win32\res\ninja0c_.bmp --> super-grover /xevil/win32/res ninja0c_.bmp
97.04.02 12:04 B C:\xevil20h\win32\res\ninja0d_.bmp --> super-grover /xevil/win32/res ninja0d_.bmp
97.04.02 12:04 B C:\xevil20h\win32\res\ninja1.bmp --> super-grover /xevil/win32/res ninja1.bmp
97.04.02 12:04 B C:\xevil20h\win32\res\ninja10.bmp --> super-grover /xevil/win32/res ninja10.bmp
97.04.02 12:05 B C:\xevil20h\win32\res\ninja10_.bmp --> super-grover /xevil/win32/res ninja10_.bmp
97.04.02 12:05 B C:\xevil20h\win32\res\ninja10b.bmp --> super-grover /xevil/win32/res ninja10b.bmp
97.04.02 12:05 B C:\xevil20h\win32\res\ninja11.bmp --> super-grover /xevil/win32/res ninja11.bmp
97.04.02 12:05 B C:\xevil20h\win32\res\ninja11_.bmp --> super-grover /xevil/win32/res ninja11_.bmp
97.04.02 12:05 B C:\xevil20h\win32\res\ninja11b.bmp --> super-grover /xevil/win32/res ninja11b.bmp
97.04.02 12:05 B C:\xevil20h\win32\res\ninja12.bmp --> super-grover /xevil/win32/res ninja12.bmp
97.04.02 12:05 B C:\xevil20h\win32\res\ninja12_.bmp --> super-grover /xevil/win32/res ninja12_.bmp
97.04.02 12:05 B C:\xevil20h\win32\res\ninja12b.bmp --> super-grover /xevil/win32/res ninja12b.bmp
97.04.02 12:05 B C:\xevil20h\win32\res\ninja13.bmp --> super-grover /xevil/win32/res ninja13.bmp
97.04.02 12:05 B C:\xevil20h\win32\res\ninja13_.bmp --> super-grover /xevil/win32/res ninja13_.bmp
97.04.02 12:05 B C:\xevil20h\win32\res\ninja14.bmp --> super-grover /xevil/win32/res ninja14.bmp
97.04.02 12:05 B C:\xevil20h\win32\res\ninja14_.bmp --> super-grover /xevil/win32/res ninja14_.bmp
97.04.02 12:05 B C:\xevil20h\win32\res\ninja16.bmp --> super-grover /xevil/win32/res ninja16.bmp
97.04.02 12:05 B C:\xevil20h\win32\res\ninja16_.bmp --> super-grover /xevil/win32/res ninja16_.bmp
97.04.02 12:05 B C:\xevil20h\win32\res\ninja16b.bmp --> super-grover /xevil/win32/res ninja16b.bmp
97.04.02 12:05 B C:\xevil20h\win32\res\ninja17.bmp --> super-grover /xevil/win32/res ninja17.bmp
97.04.02 12:05 B C:\xevil20h\win32\res\ninja17_.bmp --> super-grover /xevil/win32/res ninja17_.bmp
97.04.02 12:05 B C:\xevil20h\win32\res\ninja17b.bmp --> super-grover /xevil/win32/res ninja17b.bmp
97.04.02 12:05 B C:\xevil20h\win32\res\ninja18.bmp --> super-grover /xevil/win32/res ninja18.bmp
97.04.02 12:05 B C:\xevil20h\win32\res\ninja18_.bmp --> super-grover /xevil/win32/res ninja18_.bmp
97.04.02 12:05 B C:\xevil20h\win32\res\ninja18b.bmp --> super-grover /xevil/win32/res ninja18b.bmp
97.04.02 12:05 B C:\xevil20h\win32\res\ninja19.bmp --> super-grover /xevil/win32/res ninja19.bmp
97.04.02 12:05 B C:\xevil20h\win32\res\ninja19_.bmp --> super-grover /xevil/win32/res ninja19_.bmp
97.04.02 12:05 B C:\xevil20h\win32\res\ninja1_a.bmp --> super-grover /xevil/win32/res ninja1_a.bmp
97.04.02 12:05 B C:\xevil20h\win32\res\ninja1_m.bmp --> super-grover /xevil/win32/res ninja1_m.bmp
97.04.02 12:05 B C:\xevil20h\win32\res\ninja1b.bmp --> super-grover /xevil/win32/res ninja1b.bmp
97.04.02 12:05 B C:\xevil20h\win32\res\ninja1b_.bmp --> super-grover /xevil/win32/res ninja1b_.bmp
97.04.02 12:05 B C:\xevil20h\win32\res\ninja1c.bmp --> super-grover /xevil/win32/res ninja1c.bmp
97.04.02 12:05 B C:\xevil20h\win32\res\ninja1c_.bmp --> super-grover /xevil/win32/res ninja1c_.bmp
97.04.02 12:05 B C:\xevil20h\win32\res\ninja1d.bmp --> super-grover /xevil/win32/res ninja1d.bmp
97.04.02 12:05 B C:\xevil20h\win32\res\ninja1d_.bmp --> super-grover /xevil/win32/res ninja1d_.bmp
97.04.02 12:05 B C:\xevil20h\win32\res\ninja21_.bmp --> super-grover /xevil/win32/res ninja21_.bmp
97.04.02 12:05 B C:\xevil20h\win32\res\ninja22_.bmp --> super-grover /xevil/win32/res ninja22_.bmp
97.04.02 12:05 B C:\xevil20h\win32\res\ninja2_a.bmp --> super-grover /xevil/win32/res ninja2_a.bmp
97.04.02 12:05 B C:\xevil20h\win32\res\ninja2_m.bmp --> super-grover /xevil/win32/res ninja2_m.bmp
97.04.02 12:05 B C:\xevil20h\win32\res\ninja2b_.bmp --> super-grover /xevil/win32/res ninja2b_.bmp
97.04.02 12:05 B C:\xevil20h\win32\res\ninja2c_.bmp --> super-grover /xevil/win32/res ninja2c_.bmp
97.04.02 12:05 B C:\xevil20h\win32\res\ninja2d_.bmp --> super-grover /xevil/win32/res ninja2d_.bmp
97.04.02 12:05 B C:\xevil20h\win32\res\ninja3.bmp --> super-grover /xevil/win32/res ninja3.bmp
97.04.02 12:05 B C:\xevil20h\win32\res\ninja3_a.bmp --> super-grover /xevil/win32/res ninja3_a.bmp
97.04.02 12:05 B C:\xevil20h\win32\res\ninja3_m.bmp --> super-grover /xevil/win32/res ninja3_m.bmp
97.04.02 12:05 B C:\xevil20h\win32\res\ninja3b.bmp --> super-grover /xevil/win32/res ninja3b.bmp
97.04.02 12:05 B C:\xevil20h\win32\res\ninja3b_.bmp --> super-grover /xevil/win32/res ninja3b_.bmp
97.04.02 12:05 B C:\xevil20h\win32\res\ninja3c.bmp --> super-grover /xevil/win32/res ninja3c.bmp
97.04.02 12:05 B C:\xevil20h\win32\res\ninja3c_.bmp --> super-grover /xevil/win32/res ninja3c_.bmp
97.04.02 12:05 B C:\xevil20h\win32\res\ninja3d.bmp --> super-grover /xevil/win32/res ninja3d.bmp
97.04.02 12:05 B C:\xevil20h\win32\res\ninja3d_.bmp --> super-grover /xevil/win32/res ninja3d_.bmp
97.04.02 12:05 B C:\xevil20h\win32\res\ninja5_m.bmp --> super-grover /xevil/win32/res ninja5_m.bmp
97.04.02 12:05 B C:\xevil20h\win32\res\ninja6_m.bmp --> super-grover /xevil/win32/res ninja6_m.bmp
97.04.02 12:05 B C:\xevil20h\win32\res\ninja6b.bmp --> super-grover /xevil/win32/res ninja6b.bmp
97.04.02 12:05 B C:\xevil20h\win32\res\ninja6b_.bmp --> super-grover /xevil/win32/res ninja6b_.bmp
97.04.02 12:05 B C:\xevil20h\win32\res\ninja7_a.bmp --> super-grover /xevil/win32/res ninja7_a.bmp
97.04.02 12:05 B C:\xevil20h\win32\res\ninja8.bmp --> super-grover /xevil/win32/res ninja8.bmp
97.04.02 12:05 B C:\xevil20h\win32\res\ninja8_a.bmp --> super-grover /xevil/win32/res ninja8_a.bmp
97.04.02 12:05 B C:\xevil20h\win32\res\NINJA_0.BMP --> super-grover /xevil/win32/res NINJA_0.BMP
97.04.02 12:05 B C:\xevil20h\win32\res\NINJA_0B.BMP --> super-grover /xevil/win32/res NINJA_0B.BMP
97.04.02 12:05 B C:\xevil20h\win32\res\NINJA_1.BMP --> super-grover /xevil/win32/res NINJA_1.BMP
97.04.02 12:05 B C:\xevil20h\win32\res\NINJA_1B.BMP --> super-grover /xevil/win32/res NINJA_1B.BMP
97.04.02 12:05 B C:\xevil20h\win32\res\NINJA_2.BMP --> super-grover /xevil/win32/res NINJA_2.BMP
97.04.02 12:05 B C:\xevil20h\win32\res\NINJA_2B.BMP --> super-grover /xevil/win32/res NINJA_2B.BMP
97.04.02 12:05 B C:\xevil20h\win32\res\NINJA_2C.BMP --> super-grover /xevil/win32/res NINJA_2C.BMP
97.04.02 12:05 B C:\xevil20h\win32\res\NINJA_2D.BMP --> super-grover /xevil/win32/res NINJA_2D.BMP
97.04.02 12:05 B C:\xevil20h\win32\res\NINJA_4.BMP --> super-grover /xevil/win32/res NINJA_4.BMP
97.04.02 12:05 B C:\xevil20h\win32\res\NINJA_5.BMP --> super-grover /xevil/win32/res NINJA_5.BMP
97.04.02 12:05 B C:\xevil20h\win32\res\NINJA_7.BMP --> super-grover /xevil/win32/res NINJA_7.BMP
97.04.02 12:05 B C:\xevil20h\win32\res\ninja_de.bmp --> super-grover /xevil/win32/res ninja_de.bmp
97.04.02 12:05 B C:\xevil20h\win32\res\ninjaatt.wav --> super-grover /xevil/win32/res ninjaatt.wav
97.04.02 12:05 B C:\xevil20h\win32\res\ninjadth.wav --> super-grover /xevil/win32/res ninjadth.wav
97.04.02 12:05 B C:\xevil20h\win32\res\NSHIELD_.BMP --> super-grover /xevil/win32/res NSHIELD_.BMP
97.04.02 12:05 B C:\xevil20h\win32\res\parents.bmp --> super-grover /xevil/win32/res parents.bmp
97.04.02 12:05 B C:\xevil20h\win32\res\pent.bmp --> super-grover /xevil/win32/res pent.bmp
97.04.02 12:05 B C:\xevil20h\win32\res\PISTOL.BMP --> super-grover /xevil/win32/res PISTOL.BMP
97.04.02 12:05 B C:\xevil20h\win32\res\pistol.wav --> super-grover /xevil/win32/res pistol.wav
97.04.02 12:05 B C:\xevil20h\win32\res\pistol1.bmp --> super-grover /xevil/win32/res pistol1.bmp
97.04.02 12:05 B C:\xevil20h\win32\res\PISTOL_M.BMP --> super-grover /xevil/win32/res PISTOL_M.BMP
97.04.02 12:05 B C:\xevil20h\win32\res\pyramid.bmp --> super-grover /xevil/win32/res pyramid.bmp
97.04.02 12:05 B C:\xevil20h\win32\res\ROCK1.BMP --> super-grover /xevil/win32/res ROCK1.BMP
97.04.02 12:05 B C:\xevil20h\win32\res\shell.bmp --> super-grover /xevil/win32/res shell.bmp
97.04.02 12:05 B C:\xevil20h\win32\res\SHELL1.BMP --> super-grover /xevil/win32/res SHELL1.BMP
97.04.02 12:05 B C:\xevil20h\win32\res\SHELL_MA.BMP --> super-grover /xevil/win32/res SHELL_MA.BMP
97.04.02 12:05 B C:\xevil20h\win32\res\shield.wav --> super-grover /xevil/win32/res shield.wav
97.04.02 12:05 B C:\xevil20h\win32\res\SHIT.BMP --> super-grover /xevil/win32/res SHIT.BMP
97.04.02 12:05 B C:\xevil20h\win32\res\SHOTGUN.BMP --> super-grover /xevil/win32/res SHOTGUN.BMP
97.04.02 12:05 B C:\xevil20h\win32\res\SHOTGUN_.BMP --> super-grover /xevil/win32/res SHOTGUN_.BMP
97.04.02 12:05 B C:\xevil20h\win32\res\skull.bmp --> super-grover /xevil/win32/res skull.bmp
97.04.02 12:05 B C:\xevil20h\win32\res\SMALL.ICO --> super-grover /xevil/win32/res SMALL.ICO
97.04.02 12:05 B C:\xevil20h\win32\res\sndtrak.wav --> super-grover /xevil/win32/res sndtrak.wav
97.04.02 12:05 B C:\xevil20h\win32\res\sndtrk2.wav --> super-grover /xevil/win32/res sndtrk2.wav
97.04.02 12:05 B C:\xevil20h\win32\res\SOLID1.BMP --> super-grover /xevil/win32/res SOLID1.BMP
97.04.02 12:05 B C:\xevil20h\win32\res\squanch1.bmp --> super-grover /xevil/win32/res squanch1.bmp
97.04.02 12:05 B C:\xevil20h\win32\res\squanch_.bmp --> super-grover /xevil/win32/res squanch_.bmp
97.04.02 12:05 B C:\xevil20h\win32\res\star.bmp --> super-grover /xevil/win32/res star.bmp
97.04.02 12:05 B C:\xevil20h\win32\res\STAR_MAS.BMP --> super-grover /xevil/win32/res STAR_MAS.BMP
97.04.02 12:05 B C:\xevil20h\win32\res\starb.bmp --> super-grover /xevil/win32/res starb.bmp
97.04.02 12:05 B C:\xevil20h\win32\res\STARB_MA.BMP --> super-grover /xevil/win32/res STARB_MA.BMP
97.04.02 12:05 B C:\xevil20h\win32\res\STARS.BMP --> super-grover /xevil/win32/res STARS.BMP
97.04.02 12:05 B C:\xevil20h\win32\res\STARS_MA.BMP --> super-grover /xevil/win32/res STARS_MA.BMP
97.04.02 12:05 B C:\xevil20h\win32\res\strangle.bmp --> super-grover /xevil/win32/res strangle.bmp
97.04.02 12:05 B C:\xevil20h\win32\res\SWAP_SHE.BMP --> super-grover /xevil/win32/res SWAP_SHE.BMP
97.04.02 12:05 B C:\xevil20h\win32\res\SWAPPER.BMP --> super-grover /xevil/win32/res SWAPPER.BMP
97.04.02 12:05 B C:\xevil20h\win32\res\swapper.wav --> super-grover /xevil/win32/res swapper.wav
97.04.02 12:05 B C:\xevil20h\win32\res\SWAPPER_.BMP --> super-grover /xevil/win32/res SWAPPER_.BMP
97.04.02 12:05 B C:\xevil20h\win32\res\take_can.bmp --> super-grover /xevil/win32/res take_can.bmp
97.04.02 12:05 B C:\xevil20h\win32\res\Track.wav --> super-grover /xevil/win32/res Track.wav
97.04.02 12:05 B C:\xevil20h\win32\res\TRANSMOG.BMP --> super-grover /xevil/win32/res TRANSMOG.BMP
97.04.02 12:05 B C:\xevil20h\win32\res\transmog.wav --> super-grover /xevil/win32/res transmog.wav
97.04.02 12:05 B C:\xevil20h\win32\res\trapdoor.bmp --> super-grover /xevil/win32/res trapdoor.bmp
97.04.02 12:05 B C:\xevil20h\win32\res\TSHIELD1.BMP --> super-grover /xevil/win32/res TSHIELD1.BMP
97.04.02 12:05 B C:\xevil20h\win32\res\updown1.bmp --> super-grover /xevil/win32/res updown1.bmp
97.04.02 12:05 B C:\xevil20h\win32\res\vegetabl.bmp --> super-grover /xevil/win32/res vegetabl.bmp
97.04.02 12:05 B C:\xevil20h\win32\res\WALKER0.BMP --> super-grover /xevil/win32/res WALKER0.BMP
97.04.02 12:05 B C:\xevil20h\win32\res\walker0_.bmp --> super-grover /xevil/win32/res walker0_.bmp
97.04.02 12:05 B C:\xevil20h\win32\res\WALKER0B.BMP --> super-grover /xevil/win32/res WALKER0B.BMP
97.04.02 12:05 B C:\xevil20h\win32\res\WALKER0C.BMP --> super-grover /xevil/win32/res WALKER0C.BMP
97.04.02 12:05 B C:\xevil20h\win32\res\WALKER0D.BMP --> super-grover /xevil/win32/res WALKER0D.BMP
97.04.02 12:05 B C:\xevil20h\win32\res\WALKER1.BMP --> super-grover /xevil/win32/res WALKER1.BMP
97.04.02 12:05 B C:\xevil20h\win32\res\walker10.bmp --> super-grover /xevil/win32/res walker10.bmp
97.04.02 12:05 B C:\xevil20h\win32\res\walker11.bmp --> super-grover /xevil/win32/res walker11.bmp
97.04.02 12:05 B C:\xevil20h\win32\res\walker18.bmp --> super-grover /xevil/win32/res walker18.bmp
97.04.02 12:05 B C:\xevil20h\win32\res\walker19.bmp --> super-grover /xevil/win32/res walker19.bmp
97.04.02 12:05 B C:\xevil20h\win32\res\walker1_.bmp --> super-grover /xevil/win32/res walker1_.bmp
97.04.02 12:05 B C:\xevil20h\win32\res\WALKER1B.BMP --> super-grover /xevil/win32/res WALKER1B.BMP
97.04.02 12:05 B C:\xevil20h\win32\res\WALKER1C.BMP --> super-grover /xevil/win32/res WALKER1C.BMP
97.04.02 12:05 B C:\xevil20h\win32\res\walker1d.bmp --> super-grover /xevil/win32/res walker1d.bmp
97.04.02 12:05 B C:\xevil20h\win32\res\walker2.bmp --> super-grover /xevil/win32/res walker2.bmp
97.04.02 12:05 B C:\xevil20h\win32\res\walker2_.bmp --> super-grover /xevil/win32/res walker2_.bmp
97.04.02 12:05 B C:\xevil20h\win32\res\walker2b.bmp --> super-grover /xevil/win32/res walker2b.bmp
97.04.02 12:05 B C:\xevil20h\win32\res\walker3.bmp --> super-grover /xevil/win32/res walker3.bmp
97.04.02 12:05 B C:\xevil20h\win32\res\walker3_.bmp --> super-grover /xevil/win32/res walker3_.bmp
97.04.02 12:05 B C:\xevil20h\win32\res\walker3b.bmp --> super-grover /xevil/win32/res walker3b.bmp
97.04.02 12:05 B C:\xevil20h\win32\res\walker4.bmp --> super-grover /xevil/win32/res walker4.bmp
97.04.02 12:05 B C:\xevil20h\win32\res\walker4_.bmp --> super-grover /xevil/win32/res walker4_.bmp
97.04.02 12:05 B C:\xevil20h\win32\res\walker5.bmp --> super-grover /xevil/win32/res walker5.bmp
97.04.02 12:05 B C:\xevil20h\win32\res\walker5_.bmp --> super-grover /xevil/win32/res walker5_.bmp
97.04.02 12:05 B C:\xevil20h\win32\res\walker6.bmp --> super-grover /xevil/win32/res walker6.bmp
97.04.02 12:05 B C:\xevil20h\win32\res\walker_d.bmp --> super-grover /xevil/win32/res walker_d.bmp
97.04.02 12:05 B C:\xevil20h\win32\res\wall.bmp --> super-grover /xevil/win32/res wall.bmp
97.04.02 12:05 B C:\xevil20h\win32\res\wall1.bmp --> super-grover /xevil/win32/res wall1.bmp
97.04.02 12:05 B C:\xevil20h\win32\res\wallold.bmp --> super-grover /xevil/win32/res wallold.bmp
97.04.02 12:05 B C:\xevil20h\win32\res\WEIGHT_M.BMP --> super-grover /xevil/win32/res WEIGHT_M.BMP
97.04.02 12:05 B C:\xevil20h\win32\res\woob.wav --> super-grover /xevil/win32/res woob.wav
